[OTIMIZACAO][PARAMETROS][TAMANHO_POPULACAO_INICIAL]=100
[OTIMIZACAO][PARAMETROS][QUANTIDADE_DESCENDENTES]=80
[OTIMIZACAO][PARAMETROS][QUANTIDADE_GERACOES_TERMINO_OTIMIZACAO]=150

[OTIMIZACAO][INICIO]=2024-02-07 21:48:39.502795

==========================================================
n_gen  |  n_eval  | n_nds  |      eps      |   indicator  
==========================================================
     1 |      100 |     16 |             - |             -
     2 |      180 |     26 |  0.0639168648 |             f
     3 |      260 |     25 |  0.2431513228 |         nadir
     4 |      340 |     28 |  0.0283720856 |         ideal
     5 |      420 |     27 |  0.0223301390 |             f
     6 |      500 |     29 |  0.1153113883 |         nadir
     7 |      580 |     33 |  0.0232708176 |             f
     8 |      660 |     37 |  0.0114704594 |         ideal
     9 |      740 |     41 |  0.0580550655 |         nadir
    10 |      820 |     42 |  0.1303412148 |         nadir
    11 |      900 |     45 |  0.4707223006 |         nadir
    12 |      980 |     49 |  0.0077010381 |             f
    13 |     1060 |     50 |  0.0267977648 |         ideal
    14 |     1140 |     52 |  0.2183486714 |         nadir
    15 |     1220 |     51 |  0.0047025360 |             f
    16 |     1300 |     56 |  0.0715949782 |         ideal
    17 |     1380 |     60 |  0.0072378471 |             f
    18 |     1460 |     64 |  0.2354934448 |         nadir
    19 |     1540 |     69 |  0.0431293060 |         ideal
    20 |     1620 |     57 |  0.0073443892 |             f
    21 |     1700 |     62 |  0.0032864095 |             f
    22 |     1780 |     59 |  0.0321467271 |         nadir
    23 |     1860 |     50 |  0.0862685981 |         ideal
    24 |     1940 |     52 |  0.0099031167 |             f
    25 |     2020 |     56 |  0.0082460999 |             f
    26 |     2100 |     57 |  0.0016108378 |             f
    27 |     2180 |     62 |  0.0088671686 |             f
    28 |     2260 |     57 |  0.0351775648 |         ideal
    29 |     2340 |     61 |  0.1487531403 |         nadir
    30 |     2420 |     62 |  0.1707781723 |         nadir
    31 |     2500 |     63 |  0.0019239279 |             f
    32 |     2580 |     60 |  0.0122387215 |             f
    33 |     2660 |     57 |  0.0043397899 |             f
    34 |     2740 |     57 |  0.0093657189 |             f
    35 |     2820 |     61 |  0.0083986099 |             f
    36 |     2900 |     66 |  0.0744684200 |         ideal
    37 |     2980 |     61 |  0.0032494669 |             f
    38 |     3060 |     65 |  0.0019087183 |             f
    39 |     3140 |     67 |  0.0035203378 |             f
    40 |     3220 |     70 |  0.0038798239 |             f
    41 |     3300 |     73 |  0.0009442738 |             f
    42 |     3380 |     64 |  0.0063857467 |             f
    43 |     3460 |     64 |  0.000000E+00 |             f
    44 |     3540 |     61 |  0.0039034895 |             f
    45 |     3620 |     61 |  0.000000E+00 |             f
    46 |     3700 |     59 |  0.0044681243 |             f
    47 |     3780 |     61 |  0.0036030881 |             f
    48 |     3860 |     57 |  0.0018976167 |             f
    49 |     3940 |     58 |  0.0337795648 |         ideal
    50 |     4020 |     63 |  0.1383235022 |         nadir
    51 |     4100 |     64 |  0.1169491339 |         nadir
    52 |     4180 |     64 |  0.0039386299 |             f
    53 |     4260 |     62 |  0.0013593817 |             f
    54 |     4340 |     65 |  0.1393367596 |         nadir
    55 |     4420 |     52 |  0.0019225474 |             f
    56 |     4500 |     51 |  0.0426938346 |         ideal
    57 |     4580 |     54 |  0.0092821740 |         ideal
    58 |     4660 |     54 |  0.0006808282 |             f
    59 |     4740 |     56 |  0.0027832800 |             f
    60 |     4820 |     60 |  0.0037137373 |             f
    61 |     4900 |     63 |  0.0041140644 |             f
    62 |     4980 |     65 |  0.0010339981 |             f
    63 |     5060 |     68 |  0.0930804850 |         nadir
    64 |     5140 |     67 |  0.0417402307 |         nadir
    65 |     5220 |     70 |  0.0028629821 |             f
    66 |     5300 |     70 |  0.0245094317 |         nadir
    67 |     5380 |     69 |  0.0011801126 |             f
    68 |     5460 |     67 |  0.0032717279 |             f
    69 |     5540 |     68 |  0.0001263811 |             f
    70 |     5620 |     68 |  0.0251252370 |         nadir
    71 |     5700 |     68 |  0.0008718078 |             f
    72 |     5780 |     69 |  0.0035319339 |             f
    73 |     5860 |     72 |  0.0040742622 |             f
    74 |     5940 |     73 |  0.0001799873 |             f
    75 |     6020 |     77 |  0.0426585328 |         nadir
    76 |     6100 |     80 |  0.0058295493 |             f
    77 |     6180 |     82 |  0.0010658095 |             f
    78 |     6260 |     81 |  0.0022399112 |             f
    79 |     6340 |     81 |  0.0033989947 |             f
    80 |     6420 |     79 |  0.0123697503 |         ideal
    81 |     6500 |     79 |  0.0020714750 |             f
    82 |     6580 |     81 |  0.0037728148 |             f
    83 |     6660 |     76 |  0.0029167603 |             f
    84 |     6740 |     76 |  0.0018213119 |             f
    85 |     6820 |     78 |  0.0026677298 |             f
    86 |     6900 |     81 |  0.0570161004 |         nadir
    87 |     6980 |     82 |  0.0007473575 |             f
    88 |     7060 |     85 |  0.0031091867 |             f
    89 |     7140 |     87 |  0.0014379472 |             f
    90 |     7220 |     90 |  0.0030343113 |             f
    91 |     7300 |     92 |  0.0006018885 |             f
    92 |     7380 |     85 |  0.2393929507 |         nadir
    93 |     7460 |     87 |  0.0157153197 |         ideal
    94 |     7540 |     73 |  0.0045206649 |             f
    95 |     7620 |     71 |  0.0010070269 |             f
    96 |     7700 |     71 |  0.0026698156 |             f
    97 |     7780 |     72 |  0.0073528383 |         ideal
    98 |     7860 |     74 |  0.0020055836 |             f
    99 |     7940 |     73 |  0.0402931429 |         nadir
   100 |     8020 |     74 |  0.1209709602 |         nadir
   101 |     8100 |     74 |  0.000000E+00 |             f
   102 |     8180 |     76 |  0.0006141906 |             f
   103 |     8260 |     76 |  0.0006141906 |             f
   104 |     8340 |     76 |  0.0009898320 |             f
   105 |     8420 |     77 |  0.0163549462 |         ideal
   106 |     8500 |     77 |  0.0013278857 |             f
   107 |     8580 |     79 |  0.0037606294 |         ideal
   108 |     8660 |     82 |  0.0036325227 |             f
   109 |     8740 |     82 |  0.0015116865 |             f
   110 |     8820 |     83 |  0.0028303390 |             f
   111 |     8900 |     84 |  0.0003982522 |             f
   112 |     8980 |     84 |  0.0003982522 |             f
   113 |     9060 |     83 |  0.0060164550 |         ideal
   114 |     9140 |     83 |  0.000000E+00 |             f
   115 |     9220 |     85 |  0.0009690239 |             f
   116 |     9300 |     84 |  0.0028250223 |             f
   117 |     9380 |     87 |  0.0013964851 |             f
   118 |     9460 |     88 |  0.0019915858 |             f
   119 |     9540 |     88 |  0.0054062801 |             f
   120 |     9620 |     91 |  0.0778664601 |         nadir
   121 |     9700 |     93 |  0.0030791322 |             f
   122 |     9780 |     93 |  0.000000E+00 |             f
   123 |     9860 |     96 |  0.0014377884 |             f
   124 |     9940 |     97 |  0.0018621930 |             f
   125 |    10020 |     96 |  0.0028941482 |             f
   126 |    10100 |     97 |  0.0001920261 |             f
   127 |    10180 |    100 |  0.0009305347 |             f
   128 |    10260 |    100 |  0.0029680022 |             f
   129 |    10340 |    100 |  0.0003196084 |             f
   130 |    10420 |    100 |  0.0003196084 |             f
   131 |    10500 |    100 |  0.0014066811 |             f
   132 |    10580 |    100 |  0.0030544477 |             f
   133 |    10660 |    100 |  0.0015862062 |             f
   134 |    10740 |     99 |  0.0040807888 |             f
   135 |    10820 |    100 |  0.0008623509 |             f
   136 |    10900 |    100 |  0.0012518992 |             f
   137 |    10980 |     98 |  0.0038965303 |             f
   138 |    11060 |    100 |  0.0000675106 |             f
   139 |    11140 |    100 |  0.0006974143 |             f
   140 |    11220 |    100 |  0.0032362542 |             f
   141 |    11300 |    100 |  0.0012176212 |             f
   142 |    11380 |     99 |  0.0024240813 |             f
   143 |    11460 |    100 |  0.0026903717 |             f
   144 |    11540 |    100 |  0.0011662237 |             f
   145 |    11620 |    100 |  0.0011662237 |             f
   146 |    11700 |    100 |  0.0020464507 |             f
   147 |    11780 |    100 |  0.0023382898 |             f
   148 |    11860 |    100 |  0.0023382898 |             f
   149 |    11940 |    100 |  0.0020653661 |             f
   150 |    12020 |    100 |  0.0030805580 |             f


[OTIMIZACAO][FIM]=2024-02-07 21:49:02.864375
