[OTIMIZACAO][PARAMETROS][TAMANHO_POPULACAO_INICIAL]=100
[OTIMIZACAO][PARAMETROS][QUANTIDADE_DESCENDENTES]=30
[OTIMIZACAO][PARAMETROS][QUANTIDADE_GERACOES_TERMINO_OTIMIZACAO]=150

[OTIMIZACAO][INICIO]=2024-02-01 16:13:15.605794

==========================================================
n_gen  |  n_eval  | n_nds  |      eps      |   indicator  
==========================================================
     1 |      100 |     16 |             - |             -
     2 |      130 |     19 |  0.3516812967 |         nadir
     3 |      160 |     21 |  0.0174929620 |             f
     4 |      190 |     22 |  0.3566501903 |         nadir
     5 |      220 |     24 |  0.2431513228 |         nadir
     6 |      250 |     24 |  0.0253682763 |             f
     7 |      280 |     25 |  0.0095626887 |             f
     8 |      310 |     24 |  0.0067501825 |             f
     9 |      340 |     25 |  0.0117937334 |             f
    10 |      370 |     23 |  0.2451417620 |         nadir
    11 |      400 |     18 |  0.0289016072 |             f
    12 |      430 |     19 |  0.0042823212 |             f
    13 |      460 |     20 |  0.0723226271 |         nadir
    14 |      490 |     22 |  0.0414828612 |         ideal
    15 |      520 |     24 |  0.0188723398 |             f
    16 |      550 |     24 |  0.000000E+00 |             f
    17 |      580 |     25 |  0.0481544639 |         ideal
    18 |      610 |     25 |  0.000000E+00 |             f
    19 |      640 |     25 |  0.000000E+00 |             f
    20 |      670 |     25 |  0.000000E+00 |             f
    21 |      700 |     19 |  0.3844246746 |         nadir
    22 |      730 |     12 |  0.0103823530 |             f
    23 |      760 |     14 |  0.0598459887 |         ideal
    24 |      790 |     14 |  0.0068779004 |             f
    25 |      820 |     15 |  0.0106127568 |             f
    26 |      850 |     15 |  0.000000E+00 |             f
    27 |      880 |     16 |  0.0057706777 |             f
    28 |      910 |     16 |  0.000000E+00 |             f
    29 |      940 |     17 |  0.0398036494 |         nadir
    30 |      970 |     17 |  0.000000E+00 |             f
    31 |     1000 |     18 |  0.0108837988 |             f
    32 |     1030 |     18 |  0.000000E+00 |             f
    33 |     1060 |     18 |  0.000000E+00 |             f
    34 |     1090 |     14 |  0.0157362089 |             f
    35 |     1120 |      7 |  0.4612983478 |         nadir
    36 |     1150 |      7 |  0.000000E+00 |             f
    37 |     1180 |      8 |  0.0043567376 |         nadir
    38 |     1210 |      8 |  0.000000E+00 |             f
    39 |     1240 |      8 |  0.0571939887 |         ideal
    40 |     1270 |      8 |  0.000000E+00 |             f
    41 |     1300 |      8 |  0.000000E+00 |             f
    42 |     1330 |      9 |  0.0178533432 |         ideal
    43 |     1360 |     10 |  0.0251776818 |             f
    44 |     1390 |     10 |  0.000000E+00 |             f
    45 |     1420 |     10 |  0.000000E+00 |             f
    46 |     1450 |     10 |  0.0181540282 |             f
    47 |     1480 |     10 |  0.000000E+00 |             f
    48 |     1510 |     10 |  0.000000E+00 |             f
    49 |     1540 |     11 |  0.0301962807 |         ideal
    50 |     1570 |     11 |  0.000000E+00 |             f
    51 |     1600 |     11 |  0.000000E+00 |             f
    52 |     1630 |     11 |  0.000000E+00 |             f
    53 |     1660 |     11 |  0.000000E+00 |             f
    54 |     1690 |     11 |  0.000000E+00 |             f
    55 |     1720 |     11 |  0.000000E+00 |             f
    56 |     1750 |     11 |  0.000000E+00 |             f
    57 |     1780 |     12 |  0.0011247359 |             f
    58 |     1810 |     12 |  0.0011247359 |             f
    59 |     1840 |     12 |  0.0011247359 |             f
    60 |     1870 |     13 |  0.0161382350 |             f
    61 |     1900 |     14 |  0.0219322834 |             f
    62 |     1930 |     14 |  0.000000E+00 |             f
    63 |     1960 |     14 |  0.000000E+00 |             f
    64 |     1990 |     14 |  0.000000E+00 |             f
    65 |     2020 |     14 |  0.000000E+00 |             f
    66 |     2050 |     14 |  0.000000E+00 |             f
    67 |     2080 |     14 |  0.000000E+00 |             f
    68 |     2110 |     11 |  0.7589291495 |         nadir
    69 |     2140 |     11 |  0.000000E+00 |             f
    70 |     2170 |     11 |  0.0078180853 |             f
    71 |     2200 |     11 |  0.000000E+00 |             f
    72 |     2230 |     12 |  0.0041940864 |         ideal
    73 |     2260 |     14 |  0.0050210663 |             f
    74 |     2290 |     14 |  0.000000E+00 |             f
    75 |     2320 |     14 |  0.000000E+00 |             f
    76 |     2350 |     14 |  0.000000E+00 |             f
    77 |     2380 |     14 |  0.000000E+00 |             f
    78 |     2410 |     14 |  0.000000E+00 |             f
    79 |     2440 |     14 |  0.000000E+00 |             f
    80 |     2470 |     14 |  0.000000E+00 |             f
    81 |     2500 |     14 |  0.0057710758 |             f
    82 |     2530 |     14 |  0.000000E+00 |             f
    83 |     2560 |     14 |  0.000000E+00 |             f
    84 |     2590 |     15 |  0.0105970702 |             f
    85 |     2620 |     15 |  0.000000E+00 |             f
    86 |     2650 |     16 |  0.0057211147 |             f
    87 |     2680 |     16 |  0.000000E+00 |             f
    88 |     2710 |     16 |  0.000000E+00 |             f
    89 |     2740 |     16 |  0.000000E+00 |             f
    90 |     2770 |     16 |  0.000000E+00 |             f
    91 |     2800 |     17 |  0.0074394272 |             f
    92 |     2830 |     17 |  0.000000E+00 |             f
    93 |     2860 |     15 |  0.2056954820 |         ideal
    94 |     2890 |     15 |  0.000000E+00 |             f
    95 |     2920 |     16 |  0.0033934738 |             f
    96 |     2950 |     16 |  0.000000E+00 |             f
    97 |     2980 |     16 |  0.000000E+00 |             f
    98 |     3010 |     16 |  0.000000E+00 |             f
    99 |     3040 |     16 |  0.000000E+00 |             f
   100 |     3070 |     16 |  0.000000E+00 |             f
   101 |     3100 |     16 |  0.000000E+00 |             f
   102 |     3130 |     15 |  0.0243371592 |         ideal
   103 |     3160 |     15 |  0.000000E+00 |             f
   104 |     3190 |     15 |  0.000000E+00 |             f
   105 |     3220 |     16 |  0.0073319578 |             f
   106 |     3250 |     16 |  0.000000E+00 |             f
   107 |     3280 |     16 |  0.000000E+00 |             f
   108 |     3310 |     16 |  0.000000E+00 |             f
   109 |     3340 |     16 |  0.000000E+00 |             f
   110 |     3370 |     17 |  0.0137355851 |             f
   111 |     3400 |     19 |  0.1367514519 |         nadir
   112 |     3430 |     19 |  0.000000E+00 |             f
   113 |     3460 |     19 |  0.000000E+00 |             f
   114 |     3490 |     20 |  0.0228313848 |         ideal
   115 |     3520 |     20 |  0.000000E+00 |             f
   116 |     3550 |     20 |  0.000000E+00 |             f
   117 |     3580 |     20 |  0.000000E+00 |             f
   118 |     3610 |     20 |  0.000000E+00 |             f
   119 |     3640 |     20 |  0.0178996450 |         ideal
   120 |     3670 |     21 |  0.0020030029 |             f
   121 |     3700 |     20 |  0.0538793483 |         nadir
   122 |     3730 |     20 |  0.0350633014 |         nadir
   123 |     3760 |     22 |  0.0117976925 |         ideal
   124 |     3790 |     23 |  0.0493583590 |         nadir
   125 |     3820 |     23 |  0.000000E+00 |             f
   126 |     3850 |     25 |  0.0034049450 |         ideal
   127 |     3880 |     26 |  0.2724378900 |         nadir
   128 |     3910 |     26 |  0.000000E+00 |             f
   129 |     3940 |     26 |  0.000000E+00 |             f
   130 |     3970 |     27 |  0.0040096547 |             f
   131 |     4000 |     28 |  0.0130976915 |             f
   132 |     4030 |     28 |  0.000000E+00 |             f
   133 |     4060 |     30 |  0.0041780131 |             f
   134 |     4090 |     31 |  0.0012568834 |             f
   135 |     4120 |     32 |  0.0026587345 |             f
   136 |     4150 |     32 |  0.000000E+00 |             f
   137 |     4180 |     29 |  0.0033316666 |             f
   138 |     4210 |     30 |  0.0049896173 |             f
   139 |     4240 |     30 |  0.000000E+00 |             f
   140 |     4270 |     30 |  0.000000E+00 |             f
   141 |     4300 |     30 |  0.000000E+00 |             f
   142 |     4330 |     32 |  0.0034218243 |             f
   143 |     4360 |     32 |  0.000000E+00 |             f
   144 |     4390 |     32 |  0.000000E+00 |             f
   145 |     4420 |     28 |  0.0061079454 |             f
   146 |     4450 |     29 |  0.0022382041 |             f
   147 |     4480 |     29 |  0.0022382041 |             f
   148 |     4510 |     30 |  0.0075216653 |             f
   149 |     4540 |     30 |  0.000000E+00 |             f
   150 |     4570 |     30 |  0.000000E+00 |             f


[OTIMIZACAO][FIM]=2024-02-01 16:13:24.734196
