[OTIMIZACAO][PARAMETROS][TAMANHO_POPULACAO_INICIAL]=1000
[OTIMIZACAO][PARAMETROS][QUANTIDADE_DESCENDENTES]=300
[OTIMIZACAO][PARAMETROS][QUANTIDADE_GERACOES_TERMINO_OTIMIZACAO]=150

[OTIMIZACAO][INICIO]=2024-02-01 16:15:37.326977

==========================================================
n_gen  |  n_eval  | n_nds  |      eps      |   indicator  
==========================================================
     1 |     1000 |     27 |             - |             -
     2 |     1300 |     30 |  0.3098761308 |         nadir
     3 |     1600 |     29 |  0.1073838520 |         nadir
     4 |     1900 |     32 |  0.0271363111 |         ideal
     5 |     2200 |     29 |  0.0095382215 |         ideal
     6 |     2500 |     32 |  0.0925338568 |         ideal
     7 |     2800 |     36 |  0.0935767893 |         nadir
     8 |     3100 |     33 |  0.0490308509 |         ideal
     9 |     3400 |     36 |  0.2937173703 |         nadir
    10 |     3700 |     41 |  0.2028388375 |         nadir
    11 |     4000 |     44 |  0.0276433920 |         nadir
    12 |     4300 |     44 |  0.3340480275 |         nadir
    13 |     4600 |     44 |  0.0114585035 |             f
    14 |     4900 |     44 |  0.1055692310 |         nadir
    15 |     5200 |     45 |  0.0060498834 |             f
    16 |     5500 |     42 |  0.0325178861 |         ideal
    17 |     5800 |     47 |  0.0119231723 |             f
    18 |     6100 |     52 |  0.0241676837 |         ideal
    19 |     6400 |     55 |  0.4290399680 |         nadir
    20 |     6700 |     54 |  0.0059008232 |             f
    21 |     7000 |     42 |  0.0064360544 |             f
    22 |     7300 |     42 |  0.0342140104 |         nadir
    23 |     7600 |     44 |  0.0025765368 |             f
    24 |     7900 |     48 |  0.0042719613 |             f
    25 |     8200 |     51 |  0.0060949338 |             f
    26 |     8500 |     52 |  0.0585862522 |         nadir
    27 |     8800 |     55 |  0.0071676608 |             f
    28 |     9100 |     55 |  0.7508297514 |         nadir
    29 |     9400 |     58 |  0.0046187815 |             f
    30 |     9700 |     59 |  0.0013016471 |             f
    31 |    10000 |     55 |  0.1925703583 |         nadir
    32 |    10300 |     58 |  0.0049720457 |             f
    33 |    10600 |     57 |  0.0134903404 |         ideal
    34 |    10900 |     57 |  0.0038335786 |             f
    35 |    11200 |     59 |  0.0039392482 |             f
    36 |    11500 |     58 |  0.0019049056 |             f
    37 |    11800 |     52 |  0.0095364811 |             f
    38 |    12100 |     58 |  0.0434043679 |         ideal
    39 |    12400 |     61 |  0.0055581059 |             f
    40 |    12700 |     61 |  0.0057719927 |             f
    41 |    13000 |     64 |  0.0047941709 |             f
    42 |    13300 |     60 |  0.0639547847 |         nadir
    43 |    13600 |     63 |  0.0098282243 |             f
    44 |    13900 |     66 |  0.0035526683 |             f
    45 |    14200 |     66 |  0.0125804013 |         ideal
    46 |    14500 |     60 |  0.0056182577 |             f
    47 |    14800 |     61 |  0.0004926033 |             f
    48 |    15100 |     59 |  0.0108634154 |         ideal
    49 |    15400 |     59 |  0.0021293755 |             f
    50 |    15700 |     59 |  0.1168750879 |         nadir
    51 |    16000 |     62 |  0.0097372944 |         ideal
    52 |    16300 |     67 |  0.0273602605 |         ideal
    53 |    16600 |     68 |  0.0033388576 |             f
    54 |    16900 |     62 |  0.0051253256 |             f
    55 |    17200 |     63 |  0.0006001507 |             f
    56 |    17500 |     70 |  0.0890362043 |         nadir
    57 |    17800 |     70 |  0.0005381826 |             f
    58 |    18100 |     58 |  0.2741924167 |         nadir
    59 |    18400 |     59 |  0.0977096214 |         nadir
    60 |    18700 |     60 |  0.0034365925 |             f
    61 |    19000 |     62 |  0.0074858399 |             f
    62 |    19300 |     63 |  0.0014427039 |             f
    63 |    19600 |     64 |  0.0039149707 |             f
    64 |    19900 |     69 |  0.0051744830 |             f
    65 |    20200 |     70 |  0.0021736110 |             f
    66 |    20500 |     73 |  0.0323705685 |         ideal
    67 |    20800 |     74 |  0.0001928070 |             f
    68 |    21100 |     74 |  0.0001928070 |             f
    69 |    21400 |     71 |  0.0018511698 |             f
    70 |    21700 |     72 |  0.0024373681 |             f
    71 |    22000 |     55 |  0.0062231846 |             f
    72 |    22300 |     56 |  0.0015596467 |             f
    73 |    22600 |     57 |  0.0025862580 |             f
    74 |    22900 |     57 |  0.0010139347 |             f
    75 |    23200 |     57 |  0.0034370955 |             f
    76 |    23500 |     56 |  0.0015051691 |             f
    77 |    23800 |     59 |  0.0098150662 |             f
    78 |    24100 |     61 |  0.0040247538 |         ideal
    79 |    24400 |     61 |  0.000000E+00 |             f
    80 |    24700 |     62 |  0.0009038425 |             f
    81 |    25000 |     62 |  0.0032519401 |             f
    82 |    25300 |     62 |  0.0029360420 |         ideal
    83 |    25600 |     64 |  0.0054417162 |             f
    84 |    25900 |     64 |  0.3727928197 |         nadir
    85 |    26200 |     64 |  0.6258638190 |         nadir
    86 |    26500 |     62 |  0.0018450007 |             f
    87 |    26800 |     62 |  0.0018450007 |             f
    88 |    27100 |     66 |  0.0067269189 |             f
    89 |    27400 |     69 |  0.0149317735 |         ideal
    90 |    27700 |     71 |  0.0017362681 |             f
    91 |    28000 |     70 |  0.0035908406 |             f
    92 |    28300 |     75 |  0.0685722865 |         nadir
    93 |    28600 |     79 |  0.0016334388 |             f
    94 |    28900 |     81 |  0.0025434656 |             f
    95 |    29200 |     82 |  0.0006405680 |             f
    96 |    29500 |     84 |  0.0023118045 |             f
    97 |    29800 |     83 |  0.0033408753 |             f
    98 |    30100 |     88 |  0.0974962257 |         nadir
    99 |    30400 |     91 |  0.0057571086 |         ideal
   100 |    30700 |     96 |  0.0024424394 |             f
   101 |    31000 |     97 |  0.0042169586 |             f
   102 |    31300 |     99 |  0.0010867423 |             f
   103 |    31600 |    101 |  0.0022446110 |             f
   104 |    31900 |    102 |  0.0025121031 |             f
   105 |    32200 |    103 |  0.0039225028 |         ideal
   106 |    32500 |    100 |  0.0019365689 |             f
   107 |    32800 |    101 |  0.0025507461 |             f
   108 |    33100 |    104 |  0.0027500069 |             f
   109 |    33400 |    107 |  0.0358377396 |         nadir
   110 |    33700 |    102 |  0.0299237673 |         nadir
   111 |    34000 |    105 |  0.0033804729 |             f
   112 |    34300 |    105 |  0.0003038879 |             f
   113 |    34600 |    107 |  0.0016690618 |             f
   114 |    34900 |    109 |  0.0022027438 |             f
   115 |    35200 |    107 |  0.0039639268 |             f
   116 |    35500 |    108 |  0.0001612107 |             f
   117 |    35800 |    111 |  0.0333151506 |         ideal
   118 |    36100 |    112 |  0.0001075479 |             f
   119 |    36400 |    114 |  0.0022178267 |             f
   120 |    36700 |    116 |  0.0346627503 |         nadir
   121 |    37000 |    116 |  0.0015025437 |             f
   122 |    37300 |    118 |  0.0037147503 |             f
   123 |    37600 |    120 |  0.0003680947 |             f
   124 |    37900 |    121 |  0.0029100337 |             f
   125 |    38200 |    122 |  0.0005329981 |             f
   126 |    38500 |    114 |  0.0034379388 |             f
   127 |    38800 |    115 |  0.0006558336 |             f
   128 |    39100 |    112 |  0.0504337936 |         nadir
   129 |    39400 |    117 |  0.0028508180 |             f
   130 |    39700 |    118 |  0.0008044020 |             f
   131 |    40000 |    101 |  0.1272726087 |         nadir
   132 |    40300 |    102 |  0.1044802674 |         nadir
   133 |    40600 |    102 |  0.000000E+00 |             f
   134 |    40900 |     97 |  0.0033465336 |             f
   135 |    41200 |     97 |  0.0043513266 |             f
   136 |    41500 |     99 |  0.0003059266 |             f
   137 |    41800 |     99 |  0.0003059266 |             f
   138 |    42100 |     97 |  0.0030386952 |             f
   139 |    42400 |     99 |  0.0004900173 |             f
   140 |    42700 |    100 |  0.0031974051 |             f
   141 |    43000 |    103 |  0.0015689354 |             f
   142 |    43300 |    104 |  0.0021714986 |             f
   143 |    43600 |    102 |  0.0035856328 |             f
   144 |    43900 |    103 |  0.0162057729 |         ideal
   145 |    44200 |    104 |  0.0001987229 |             f
   146 |    44500 |    107 |  0.0014494039 |             f
   147 |    44800 |    104 |  0.0015751459 |             f
   148 |    45100 |    101 |  0.1166699779 |         nadir
   149 |    45400 |    100 |  0.0003840848 |             f
   150 |    45700 |    104 |  0.0018900587 |             f


[OTIMIZACAO][FIM]=2024-02-01 16:17:10.635729
