[OTIMIZACAO][PARAMETROS][TAMANHO_POPULACAO_INICIAL]=100
[OTIMIZACAO][PARAMETROS][QUANTIDADE_DESCENDENTES]=70
[OTIMIZACAO][PARAMETROS][QUANTIDADE_GERACOES_TERMINO_OTIMIZACAO]=1000

[OTIMIZACAO][INICIO]=2024-02-01 17:50:30.563619

==========================================================
n_gen  |  n_eval  | n_nds  |      eps      |   indicator  
==========================================================
     1 |      100 |     16 |             - |             -
     2 |      170 |     20 |  0.2431513228 |         nadir
     3 |      240 |     20 |  0.2237951206 |         nadir
     4 |      310 |     25 |  0.0792832148 |         nadir
     5 |      380 |     29 |  0.0267560057 |             f
     6 |      450 |     23 |  0.0174468497 |             f
     7 |      520 |     25 |  0.0157568336 |             f
     8 |      590 |     26 |  0.0256532621 |         ideal
     9 |      660 |     25 |  0.0132868716 |             f
    10 |      730 |     23 |  0.1650368521 |         ideal
    11 |      800 |     25 |  0.0039869393 |         nadir
    12 |      870 |     29 |  0.0193980041 |         ideal
    13 |      940 |     30 |  0.1083411941 |         nadir
    14 |     1010 |     26 |  0.0081315410 |         ideal
    15 |     1080 |     27 |  0.0064027044 |             f
    16 |     1150 |     29 |  0.1735688801 |         nadir
    17 |     1220 |     30 |  0.0085464384 |             f
    18 |     1290 |     34 |  0.0476862473 |         ideal
    19 |     1360 |     36 |  0.0049333149 |             f
    20 |     1430 |     38 |  0.0039137517 |             f
    21 |     1500 |     39 |  0.0142740248 |             f
    22 |     1570 |     39 |  0.0061550808 |             f
    23 |     1640 |     44 |  0.0106299974 |         ideal
    24 |     1710 |     36 |  0.0575585468 |         ideal
    25 |     1780 |     33 |  0.0068350528 |             f
    26 |     1850 |     33 |  0.000000E+00 |             f
    27 |     1920 |     38 |  0.0093895397 |             f
    28 |     1990 |     40 |  0.0012943016 |             f
    29 |     2060 |     44 |  0.0089240457 |             f
    30 |     2130 |     44 |  0.0026909657 |             f
    31 |     2200 |     40 |  0.0062650726 |             f
    32 |     2270 |     40 |  0.0072889770 |             f
    33 |     2340 |     43 |  0.0078996867 |             f
    34 |     2410 |     45 |  0.0053541276 |             f
    35 |     2480 |     47 |  0.0016713690 |             f
    36 |     2550 |     47 |  0.1257005105 |         nadir
    37 |     2620 |     47 |  0.0062469094 |             f
    38 |     2690 |     47 |  0.0028651041 |             f
    39 |     2760 |     55 |  0.0796810700 |         ideal
    40 |     2830 |     54 |  0.0050766523 |             f
    41 |     2900 |     53 |  0.0071414348 |         ideal
    42 |     2970 |     48 |  0.0017227976 |             f
    43 |     3040 |     48 |  0.0035445274 |             f
    44 |     3110 |     49 |  0.0004110897 |             f
    45 |     3180 |     51 |  0.0034763393 |             f
    46 |     3250 |     51 |  0.000000E+00 |             f
    47 |     3320 |     55 |  0.0057856274 |             f
    48 |     3390 |     53 |  0.0086979627 |         ideal
    49 |     3460 |     50 |  0.0036271418 |             f
    50 |     3530 |     51 |  0.0026177398 |             f
    51 |     3600 |     51 |  0.000000E+00 |             f
    52 |     3670 |     51 |  0.0021146770 |             f
    53 |     3740 |     53 |  0.0046723889 |             f
    54 |     3810 |     58 |  0.0055706609 |             f
    55 |     3880 |     60 |  0.0029263860 |             f
    56 |     3950 |     61 |  0.0014973606 |             f
    57 |     4020 |     59 |  0.0082938620 |         nadir
    58 |     4090 |     59 |  0.0033119152 |             f
    59 |     4160 |     60 |  0.0002574458 |             f
    60 |     4230 |     62 |  0.0028492117 |             f
    61 |     4300 |     64 |  0.0015519590 |             f
    62 |     4370 |     64 |  0.0015519590 |             f
    63 |     4440 |     64 |  0.2479509242 |         nadir
    64 |     4510 |     64 |  0.000000E+00 |             f
    65 |     4580 |     65 |  0.0011289068 |             f
    66 |     4650 |     63 |  0.0036813450 |             f
    67 |     4720 |     64 |  0.0032149029 |             f
    68 |     4790 |     66 |  0.0042751819 |             f
    69 |     4860 |     66 |  0.0223162635 |         nadir
    70 |     4930 |     67 |  0.0012783030 |             f
    71 |     5000 |     68 |  0.0147406423 |         ideal
    72 |     5070 |     70 |  0.0012849608 |             f
    73 |     5140 |     61 |  0.0062150800 |             f
    74 |     5210 |     63 |  0.0023506555 |             f
    75 |     5280 |     63 |  0.0042125540 |             f
    76 |     5350 |     60 |  0.0013436448 |             f
    77 |     5420 |     63 |  0.0233173864 |         ideal
    78 |     5490 |     54 |  0.0056053358 |             f
    79 |     5560 |     54 |  0.000000E+00 |             f
    80 |     5630 |     56 |  0.0808295807 |         nadir
    81 |     5700 |     56 |  0.000000E+00 |             f
    82 |     5770 |     57 |  0.0029157626 |             f
    83 |     5840 |     58 |  0.0031054058 |             f
    84 |     5910 |     60 |  0.1167148166 |         nadir
    85 |     5980 |     45 |  0.0066961796 |             f
    86 |     6050 |     46 |  0.0009267188 |             f
    87 |     6120 |     46 |  0.0050922289 |             f
    88 |     6190 |     46 |  0.000000E+00 |             f
    89 |     6260 |     49 |  0.0592723039 |         nadir
    90 |     6330 |     50 |  0.0016375756 |             f
    91 |     6400 |     52 |  0.0043380623 |             f
    92 |     6470 |     53 |  0.0024006134 |             f
    93 |     6540 |     53 |  0.0076227805 |             f
    94 |     6610 |     50 |  0.0051503911 |             f
    95 |     6680 |     50 |  0.0007457430 |             f
    96 |     6750 |     51 |  0.0067666392 |             f
    97 |     6820 |     50 |  0.0003388162 |             f
    98 |     6890 |     53 |  0.0019541989 |             f
    99 |     6960 |     54 |  0.0035277184 |             f
   100 |     7030 |     55 |  0.0018360634 |             f
   101 |     7100 |     57 |  0.0063487604 |             f
   102 |     7170 |     55 |  0.0037161724 |             f
   103 |     7240 |     53 |  0.0215202449 |         ideal
   104 |     7310 |     55 |  0.0023129256 |             f
   105 |     7380 |     56 |  0.0102591099 |         ideal
   106 |     7450 |     58 |  0.0012574219 |             f
   107 |     7520 |     59 |  0.0041632033 |             f
   108 |     7590 |     60 |  0.0009534510 |             f
   109 |     7660 |     55 |  0.0696062893 |         ideal
   110 |     7730 |     56 |  0.0049254884 |             f
   111 |     7800 |     57 |  0.0044743204 |             f
   112 |     7870 |     57 |  0.000000E+00 |             f
   113 |     7940 |     58 |  0.0015648237 |             f
   114 |     8010 |     58 |  0.0015648237 |             f
   115 |     8080 |     61 |  0.0023689792 |             f
   116 |     8150 |     63 |  0.0057705029 |             f
   117 |     8220 |     64 |  0.0015722230 |             f
   118 |     8290 |     61 |  0.0072022590 |             f
   119 |     8360 |     64 |  0.0034024442 |             f
   120 |     8430 |     64 |  0.000000E+00 |             f
   121 |     8500 |     67 |  0.0107311339 |         nadir
   122 |     8570 |     68 |  0.0010642534 |             f
   123 |     8640 |     68 |  0.0012250883 |             f
   124 |     8710 |     68 |  0.0012250883 |             f
   125 |     8780 |     68 |  0.0012250883 |             f
   126 |     8850 |     69 |  0.0018562603 |             f
   127 |     8920 |     71 |  0.0026583240 |             f
   128 |     8990 |     71 |  0.0006688543 |             f
   129 |     9060 |     70 |  0.0039149110 |             f
   130 |     9130 |     71 |  0.0566166553 |         nadir
   131 |     9200 |     72 |  0.0002056409 |             f
   132 |     9270 |     73 |  0.0041255401 |             f
   133 |     9340 |     73 |  0.000000E+00 |             f
   134 |     9410 |     73 |  0.000000E+00 |             f
   135 |     9480 |     74 |  0.0010355356 |             f
   136 |     9550 |     74 |  0.0096559488 |         ideal
   137 |     9620 |     75 |  0.0008517418 |             f
   138 |     9690 |     77 |  0.0013343283 |             f
   139 |     9760 |     77 |  0.0013343283 |             f
   140 |     9830 |     77 |  0.0018633759 |             f
   141 |     9900 |     78 |  0.0040006630 |         nadir
   142 |     9970 |     76 |  0.0021718809 |             f
   143 |    10040 |     78 |  0.0042171176 |             f
   144 |    10110 |     80 |  0.0017992101 |             f
   145 |    10180 |     75 |  0.0039911737 |             f
   146 |    10250 |     75 |  0.000000E+00 |             f
   147 |    10320 |     75 |  0.000000E+00 |             f
   148 |    10390 |     76 |  0.0008423464 |             f
   149 |    10460 |     77 |  0.0010064881 |             f
   150 |    10530 |     76 |  0.0017003464 |             f
   151 |    10600 |     78 |  0.0314707603 |         ideal
   152 |    10670 |     79 |  0.0024959491 |             f
   153 |    10740 |     80 |  0.0033427863 |             f
   154 |    10810 |     81 |  0.0006435902 |             f
   155 |    10880 |     82 |  0.0010675679 |             f
   156 |    10950 |     85 |  0.0028359763 |             f
   157 |    11020 |     84 |  0.0104876586 |         ideal
   158 |    11090 |     84 |  0.0001162652 |             f
   159 |    11160 |     86 |  0.0019886848 |             f
   160 |    11230 |     87 |  0.0022378220 |             f
   161 |    11300 |     87 |  0.4659568255 |         nadir
   162 |    11370 |     83 |  0.0476659106 |         nadir
   163 |    11440 |     84 |  0.0008194654 |             f
   164 |    11510 |     86 |  0.0014325506 |             f
   165 |    11580 |     86 |  0.0039612190 |             f
   166 |    11650 |     88 |  0.0086155090 |         ideal
   167 |    11720 |     90 |  0.0020587170 |             f
   168 |    11790 |     91 |  0.0112578817 |         ideal
   169 |    11860 |     91 |  0.000000E+00 |             f
   170 |    11930 |     86 |  0.0002147359 |             f
   171 |    12000 |     86 |  0.0002147359 |             f
   172 |    12070 |     88 |  0.0020822351 |             f
   173 |    12140 |     89 |  0.0035260648 |             f
   174 |    12210 |     89 |  0.0017023362 |             f
   175 |    12280 |     89 |  0.0017023362 |             f
   176 |    12350 |     89 |  0.0017023362 |             f
   177 |    12420 |     90 |  0.0028940063 |             f
   178 |    12490 |     90 |  0.000000E+00 |             f
   179 |    12560 |     94 |  0.0031064495 |         nadir
   180 |    12630 |     95 |  0.0009796273 |             f
   181 |    12700 |     96 |  0.0022984206 |             f
   182 |    12770 |     96 |  0.0030228158 |             f
   183 |    12840 |     98 |  0.0007047735 |             f
   184 |    12910 |     99 |  0.0017453498 |             f
   185 |    12980 |     98 |  0.0029003152 |             f
   186 |    13050 |     99 |  0.0001372030 |             f
   187 |    13120 |     99 |  0.0007581117 |             f
   188 |    13190 |     99 |  0.0007581117 |             f
   189 |    13260 |     99 |  0.0028081709 |             f
   190 |    13330 |     97 |  0.0190618511 |         ideal
   191 |    13400 |     97 |  0.0016438676 |             f
   192 |    13470 |     97 |  0.0021074583 |             f
   193 |    13540 |     97 |  0.0021074583 |             f
   194 |    13610 |     99 |  0.0032109637 |             f
   195 |    13680 |     99 |  0.0006249289 |             f
   196 |    13750 |    100 |  0.0030632994 |             f
   197 |    13820 |    100 |  0.000000E+00 |             f
   198 |    13890 |    100 |  0.0003012228 |             f
   199 |    13960 |    100 |  0.0007190882 |             f
   200 |    14030 |    100 |  0.0010997916 |             f
   201 |    14100 |    100 |  0.0013683129 |             f
   202 |    14170 |     98 |  0.0039823114 |         ideal
   203 |    14240 |     99 |  0.0213900888 |         ideal
   204 |    14310 |    100 |  0.0004433264 |             f
   205 |    14380 |    100 |  0.0012078141 |             f
   206 |    14450 |    100 |  0.0020712051 |             f
   207 |    14520 |    100 |  0.0206030814 |         ideal
   208 |    14590 |     99 |  0.0007475214 |             f
   209 |    14660 |    100 |  0.0031024526 |         ideal
   210 |    14730 |    100 |  0.000000E+00 |             f
   211 |    14800 |    100 |  0.0002773653 |             f
   212 |    14870 |    100 |  0.0010766720 |             f
   213 |    14940 |    100 |  0.0017137587 |             f
   214 |    15010 |    100 |  0.0027936064 |             f
   215 |    15080 |    100 |  0.0027295232 |         ideal
   216 |    15150 |    100 |  0.0004704330 |             f
   217 |    15220 |    100 |  0.0009885245 |             f
   218 |    15290 |    100 |  0.0017957241 |             f
   219 |    15360 |    100 |  0.0024484369 |             f
   220 |    15430 |    100 |  0.0028476338 |             f
   221 |    15500 |    100 |  0.0006671896 |             f
   222 |    15570 |    100 |  0.0009845631 |             f
   223 |    15640 |    100 |  0.0015156307 |             f
   224 |    15710 |    100 |  0.0018795880 |             f
   225 |    15780 |    100 |  0.0018795880 |             f
   226 |    15850 |    100 |  0.0034815797 |             f
   227 |    15920 |    100 |  0.0334295845 |         ideal
   228 |    15990 |    100 |  0.0007056812 |             f
   229 |    16060 |    100 |  0.0104185719 |         ideal
   230 |    16130 |    100 |  0.000000E+00 |             f
   231 |    16200 |    100 |  0.0000769752 |             f
   232 |    16270 |    100 |  0.0010430495 |             f
   233 |    16340 |    100 |  0.0012144308 |             f
   234 |    16410 |    100 |  0.0041379657 |             f
   235 |    16480 |    100 |  0.0007182344 |             f
   236 |    16550 |    100 |  0.0010751868 |             f
   237 |    16620 |    100 |  0.0012897798 |             f
   238 |    16690 |    100 |  0.0014237748 |             f
   239 |    16760 |    100 |  0.0018707686 |             f
   240 |    16830 |    100 |  0.0036253903 |             f
   241 |    16900 |    100 |  0.0002824751 |             f
   242 |    16970 |    100 |  0.0002824751 |             f
   243 |    17040 |    100 |  0.0012232928 |             f
   244 |    17110 |    100 |  0.0015539837 |             f
   245 |    17180 |    100 |  0.0015539837 |             f
   246 |    17250 |    100 |  0.0018082568 |             f
   247 |    17320 |    100 |  0.0024041311 |             f
   248 |    17390 |    100 |  0.0035724515 |             f
   249 |    17460 |    100 |  0.000000E+00 |             f
   250 |    17530 |    100 |  0.0006327343 |             f
   251 |    17600 |    100 |  0.0008058860 |             f
   252 |    17670 |    100 |  0.0008058860 |             f
   253 |    17740 |     99 |  0.0021521443 |             f
   254 |    17810 |    100 |  0.0033363880 |             f
   255 |    17880 |    100 |  0.000000E+00 |             f
   256 |    17950 |    100 |  0.0006798165 |             f
   257 |    18020 |    100 |  0.0006798165 |             f
   258 |    18090 |    100 |  0.0023803652 |             f
   259 |    18160 |    100 |  0.0024227669 |             f
   260 |    18230 |    100 |  0.0042837930 |             f
   261 |    18300 |    100 |  0.0004286810 |             f
   262 |    18370 |    100 |  0.0123321680 |         ideal
   263 |    18440 |    100 |  0.0663337529 |         nadir
   264 |    18510 |    100 |  0.0017699421 |             f
   265 |    18580 |    100 |  0.0023530567 |             f
   266 |    18650 |    100 |  0.0027311155 |             f
   267 |    18720 |    100 |  0.0032383615 |             f
   268 |    18790 |    100 |  0.0022322971 |             f
   269 |    18860 |    100 |  0.0022322971 |             f
   270 |    18930 |    100 |  0.0030483886 |             f
   271 |    19000 |     99 |  0.0006666758 |             f
   272 |    19070 |    100 |  0.0030911205 |             f
   273 |    19140 |    100 |  0.0014375771 |             f
   274 |    19210 |    100 |  0.0010332923 |             f
   275 |    19280 |    100 |  0.0010332923 |             f
   276 |    19350 |    100 |  0.0010332923 |             f
   277 |    19420 |    100 |  0.0010574508 |             f
   278 |    19490 |    100 |  0.0010574508 |             f
   279 |    19560 |    100 |  0.0010574508 |             f
   280 |    19630 |    100 |  0.0021007627 |             f
   281 |    19700 |    100 |  0.0021007627 |             f
   282 |    19770 |    100 |  0.0038414527 |             f
   283 |    19840 |    100 |  0.0004450522 |             f
   284 |    19910 |    100 |  0.0009831615 |             f
   285 |    19980 |    100 |  0.0011906226 |             f
   286 |    20050 |    100 |  0.0039210018 |             f
   287 |    20120 |    100 |  0.000000E+00 |             f
   288 |    20190 |    100 |  0.000000E+00 |             f
   289 |    20260 |    100 |  0.0000757322 |             f
   290 |    20330 |    100 |  0.0003437783 |             f
   291 |    20400 |    100 |  0.0403231948 |         ideal
   292 |    20470 |    100 |  0.0012618816 |             f
   293 |    20540 |    100 |  0.0022688686 |             f
   294 |    20610 |     98 |  0.0033439748 |             f
   295 |    20680 |     99 |  0.0010555050 |             f
   296 |    20750 |     99 |  0.0010555050 |             f
   297 |    20820 |     99 |  0.0010555050 |             f
   298 |    20890 |    100 |  0.0019782052 |             f
   299 |    20960 |    100 |  0.0049644215 |             f
   300 |    21030 |    100 |  0.0020995335 |             f
   301 |    21100 |    100 |  0.0027854927 |             f
   302 |    21170 |    100 |  0.1065462385 |         nadir
   303 |    21240 |    100 |  0.0007959246 |             f
   304 |    21310 |    100 |  0.0007959246 |             f
   305 |    21380 |    100 |  0.0012865330 |             f
   306 |    21450 |    100 |  0.0012865330 |             f
   307 |    21520 |    100 |  0.0025617976 |             f
   308 |    21590 |    100 |  0.0010309151 |             f
   309 |    21660 |    100 |  0.0013905386 |             f
   310 |    21730 |    100 |  0.0013905386 |             f
   311 |    21800 |    100 |  0.0014251853 |             f
   312 |    21870 |    100 |  0.0015407417 |             f
   313 |    21940 |    100 |  0.0018723951 |             f
   314 |    22010 |    100 |  0.0026282786 |             f
   315 |    22080 |    100 |  0.0002118460 |             f
   316 |    22150 |    100 |  0.0004564861 |             f
   317 |    22220 |    100 |  0.0008193156 |             f
   318 |    22290 |    100 |  0.0016363717 |             f
   319 |    22360 |    100 |  0.0030496048 |             f
   320 |    22430 |    100 |  0.0005405061 |             f
   321 |    22500 |    100 |  0.0010442118 |             f
   322 |    22570 |    100 |  0.0023563852 |             f
   323 |    22640 |    100 |  0.0023260651 |             f
   324 |    22710 |    100 |  0.0028643781 |             f
   325 |    22780 |    100 |  0.0005801410 |             f
   326 |    22850 |    100 |  0.0026854512 |             f
   327 |    22920 |    100 |  0.0010593134 |             f
   328 |    22990 |    100 |  0.0026439646 |             f
   329 |    23060 |    100 |  0.0006972412 |             f
   330 |    23130 |    100 |  0.0006972412 |             f
   331 |    23200 |    100 |  0.0040043931 |         ideal
   332 |    23270 |    100 |  0.000000E+00 |             f
   333 |    23340 |    100 |  0.000000E+00 |             f
   334 |    23410 |    100 |  0.0155305394 |         nadir
   335 |    23480 |    100 |  0.0096140847 |         ideal
   336 |    23550 |    100 |  0.0019070469 |             f
   337 |    23620 |     99 |  0.0039616858 |             f
   338 |    23690 |    100 |  0.0001360080 |             f
   339 |    23760 |    100 |  0.0012878068 |             f
   340 |    23830 |    100 |  0.0012878068 |             f
   341 |    23900 |    100 |  0.0009689141 |             f
   342 |    23970 |    100 |  0.0013352271 |             f
   343 |    24040 |    100 |  0.0022778645 |             f
   344 |    24110 |    100 |  0.0028223129 |             f
   345 |    24180 |    100 |  0.0003579898 |             f
   346 |    24250 |    100 |  0.0010644752 |             f
   347 |    24320 |    100 |  0.0010644752 |             f
   348 |    24390 |    100 |  0.0046214011 |         ideal
   349 |    24460 |     98 |  0.0010395798 |             f
   350 |    24530 |     99 |  0.0019013631 |             f
   351 |    24600 |     99 |  0.0019013631 |             f
   352 |    24670 |     99 |  0.0030279780 |             f
   353 |    24740 |     97 |  0.0026164715 |             f
   354 |    24810 |     98 |  0.0004811126 |             f
   355 |    24880 |    100 |  0.0012385836 |             f
   356 |    24950 |    100 |  0.0023770385 |             f
   357 |    25020 |    100 |  0.0126337703 |         nadir
   358 |    25090 |    100 |  0.0003431392 |             f
   359 |    25160 |    100 |  0.0017374983 |             f
   360 |    25230 |    100 |  0.0201963693 |         ideal
   361 |    25300 |    100 |  0.0006232438 |             f
   362 |    25370 |     98 |  0.0020855477 |             f
   363 |    25440 |     99 |  0.0022296877 |             f
   364 |    25510 |    100 |  0.0033479746 |             f
   365 |    25580 |    100 |  0.0001154422 |             f
   366 |    25650 |    100 |  0.0028618608 |             f
   367 |    25720 |    100 |  0.000000E+00 |             f
   368 |    25790 |    100 |  0.0008738301 |             f
   369 |    25860 |    100 |  0.0017658020 |             f
   370 |    25930 |    100 |  0.0025116216 |             f
   371 |    26000 |    100 |  0.0002139387 |             f
   372 |    26070 |    100 |  0.0015040737 |             f
   373 |    26140 |    100 |  0.0023825533 |             f
   374 |    26210 |    100 |  0.0030394762 |             f
   375 |    26280 |    100 |  0.0009049217 |             f
   376 |    26350 |    100 |  0.0009049217 |             f
   377 |    26420 |    100 |  0.0011606114 |             f
   378 |    26490 |    100 |  0.0028025482 |             f
   379 |    26560 |    100 |  0.0000555892 |             f
   380 |    26630 |    100 |  0.0019586133 |             f
   381 |    26700 |    100 |  0.0019586133 |             f
   382 |    26770 |    100 |  0.0019586133 |             f
   383 |    26840 |    100 |  0.0050910635 |             f
   384 |    26910 |     98 |  0.0012905932 |             f
   385 |    26980 |     99 |  0.0012911432 |             f
   386 |    27050 |    100 |  0.0018026351 |             f
   387 |    27120 |     99 |  0.0021263624 |             f
   388 |    27190 |     99 |  0.0021263624 |             f
   389 |    27260 |    100 |  0.0025731360 |             f
   390 |    27330 |    100 |  0.0005723087 |             f
   391 |    27400 |    100 |  0.0013038395 |             f
   392 |    27470 |    100 |  0.0019525412 |             f
   393 |    27540 |    100 |  0.0025344776 |             f
   394 |    27610 |    100 |  0.0008060676 |             f
   395 |    27680 |    100 |  0.0252315821 |         nadir
   396 |    27750 |    100 |  0.000000E+00 |             f
   397 |    27820 |    100 |  0.0006425273 |             f
   398 |    27890 |    100 |  0.0006425273 |             f
   399 |    27960 |    100 |  0.0009780181 |             f
   400 |    28030 |    100 |  0.0017963953 |             f
   401 |    28100 |    100 |  0.0024856839 |             f
   402 |    28170 |    100 |  0.0038698793 |             f
   403 |    28240 |    100 |  0.0005890579 |             f
   404 |    28310 |    100 |  0.0005890579 |             f
   405 |    28380 |    100 |  0.0005881081 |             f
   406 |    28450 |    100 |  0.0023010707 |             f
   407 |    28520 |    100 |  0.0030452896 |             f
   408 |    28590 |    100 |  0.0006950051 |             f
   409 |    28660 |    100 |  0.0023929236 |             f
   410 |    28730 |    100 |  0.0034769723 |             f
   411 |    28800 |    100 |  0.000000E+00 |             f
   412 |    28870 |    100 |  0.0001788089 |             f
   413 |    28940 |    100 |  0.0006528091 |             f
   414 |    29010 |    100 |  0.0006528091 |             f
   415 |    29080 |    100 |  0.0072258941 |         nadir
   416 |    29150 |    100 |  0.0005372481 |             f
   417 |    29220 |     97 |  0.0018108036 |             f
   418 |    29290 |     98 |  0.0025187104 |             f
   419 |    29360 |     99 |  0.0005730620 |             f
   420 |    29430 |    100 |  0.0016247393 |             f
   421 |    29500 |    100 |  0.0017796470 |             f
   422 |    29570 |    100 |  0.0023423169 |             f
   423 |    29640 |     99 |  0.0026738618 |             f
   424 |    29710 |     99 |  0.000000E+00 |             f
   425 |    29780 |     99 |  0.0002708026 |             f
   426 |    29850 |    100 |  0.0010339503 |             f
   427 |    29920 |    100 |  0.0010339503 |             f
   428 |    29990 |    100 |  0.0046617304 |         ideal
   429 |    30060 |    100 |  0.0001278848 |             f
   430 |    30130 |    100 |  0.0001819495 |             f
   431 |    30200 |     96 |  0.0017034123 |             f
   432 |    30270 |     97 |  0.0018139953 |             f
   433 |    30340 |    100 |  0.0934003995 |         nadir
   434 |    30410 |    100 |  0.000000E+00 |             f
   435 |    30480 |    100 |  0.000000E+00 |             f
   436 |    30550 |    100 |  0.0041300856 |         nadir
   437 |    30620 |    100 |  0.0018971532 |             f
   438 |    30690 |    100 |  0.0022735019 |             f
   439 |    30760 |    100 |  0.0026748103 |             f
   440 |    30830 |     99 |  0.0010436697 |             f
   441 |    30900 |     99 |  0.0024043594 |             f
   442 |    30970 |    100 |  0.0040173043 |             f
   443 |    31040 |    100 |  0.0001682204 |             f
   444 |    31110 |     99 |  0.0005588369 |             f
   445 |    31180 |    100 |  0.0018304711 |             f
   446 |    31250 |    100 |  0.0018304711 |             f
   447 |    31320 |     98 |  0.0029603574 |             f
   448 |    31390 |    100 |  0.0009597645 |             f
   449 |    31460 |    100 |  0.0009597645 |             f
   450 |    31530 |    100 |  0.0014069399 |             f
   451 |    31600 |    100 |  0.0014069399 |             f
   452 |    31670 |     99 |  0.0030261750 |             f
   453 |    31740 |    100 |  0.0002577849 |             f
   454 |    31810 |    100 |  0.0007141155 |             f
   455 |    31880 |    100 |  0.0015390613 |             f
   456 |    31950 |     98 |  0.0025653321 |             f
   457 |    32020 |     99 |  0.0189066814 |         nadir
   458 |    32090 |     99 |  0.000000E+00 |             f
   459 |    32160 |    100 |  0.0002442777 |             f
   460 |    32230 |    100 |  0.0049135815 |         ideal
   461 |    32300 |    100 |  0.000000E+00 |             f
   462 |    32370 |    100 |  0.0010832251 |             f
   463 |    32440 |    100 |  0.0010832251 |             f
   464 |    32510 |    100 |  0.0017297899 |             f
   465 |    32580 |    100 |  0.0017297899 |             f
   466 |    32650 |    100 |  0.0024032623 |             f
   467 |    32720 |    100 |  0.0036037086 |             f
   468 |    32790 |    100 |  0.0007121676 |             f
   469 |    32860 |    100 |  0.0007891536 |             f
   470 |    32930 |    100 |  0.0010211768 |             f
   471 |    33000 |    100 |  0.0015532822 |             f
   472 |    33070 |     97 |  0.0107071193 |         ideal
   473 |    33140 |     99 |  0.0014964530 |             f
   474 |    33210 |    100 |  0.0024607461 |             f
   475 |    33280 |    100 |  0.0030306371 |             f
   476 |    33350 |    100 |  0.0008345768 |             f
   477 |    33420 |    100 |  0.0016030974 |             f
   478 |    33490 |    100 |  0.0030651081 |             f
   479 |    33560 |    100 |  0.0005275676 |             f
   480 |    33630 |    100 |  0.0005578237 |             f
   481 |    33700 |    100 |  0.0010064257 |             f
   482 |    33770 |    100 |  0.0134237769 |         nadir
   483 |    33840 |    100 |  0.000000E+00 |             f
   484 |    33910 |    100 |  0.0008916367 |             f
   485 |    33980 |     98 |  0.0015081862 |             f
   486 |    34050 |    100 |  0.0035313613 |             f
   487 |    34120 |    100 |  0.000000E+00 |             f
   488 |    34190 |    100 |  0.0018417809 |             f
   489 |    34260 |    100 |  0.0021261439 |             f
   490 |    34330 |    100 |  0.0021261439 |             f
   491 |    34400 |    100 |  0.0021261439 |             f
   492 |    34470 |    100 |  0.0024596703 |             f
   493 |    34540 |    100 |  0.0024596703 |             f
   494 |    34610 |    100 |  0.0028637040 |             f
   495 |    34680 |    100 |  0.0037883032 |         ideal
   496 |    34750 |    100 |  0.000000E+00 |             f
   497 |    34820 |    100 |  0.0003382781 |             f
   498 |    34890 |    100 |  0.0007986398 |             f
   499 |    34960 |    100 |  0.0007986398 |             f
   500 |    35030 |    100 |  0.0007986398 |             f
   501 |    35100 |    100 |  0.0007986398 |             f
   502 |    35170 |    100 |  0.0007986398 |             f
   503 |    35240 |    100 |  0.0010274448 |             f
   504 |    35310 |    100 |  0.0010274448 |             f
   505 |    35380 |    100 |  0.0016332396 |             f
   506 |    35450 |    100 |  0.0016332396 |             f
   507 |    35520 |    100 |  0.0016332396 |             f
   508 |    35590 |    100 |  0.0103864209 |         ideal
   509 |    35660 |     97 |  0.0680861254 |         nadir
   510 |    35730 |     97 |  0.000000E+00 |             f
   511 |    35800 |     98 |  0.0005737975 |             f
   512 |    35870 |     99 |  0.0043139454 |         nadir
   513 |    35940 |     98 |  0.0016634490 |             f
   514 |    36010 |     98 |  0.0016634490 |             f
   515 |    36080 |     98 |  0.0017197241 |             f
   516 |    36150 |    100 |  0.0031978588 |             f
   517 |    36220 |    100 |  0.0004886988 |             f
   518 |    36290 |    100 |  0.0004886988 |             f
   519 |    36360 |    100 |  0.0010806712 |             f
   520 |    36430 |    100 |  0.0013166830 |             f
   521 |    36500 |    100 |  0.0013637200 |             f
   522 |    36570 |     99 |  0.0014190216 |             f
   523 |    36640 |    100 |  0.0014407448 |             f
   524 |    36710 |    100 |  0.0026446930 |             f
   525 |    36780 |    100 |  0.000000E+00 |             f
   526 |    36850 |    100 |  0.0006525998 |             f
   527 |    36920 |    100 |  0.0006525998 |             f
   528 |    36990 |    100 |  0.0013403086 |             f
   529 |    37060 |    100 |  0.0018776305 |             f
   530 |    37130 |    100 |  0.0018776305 |             f
   531 |    37200 |    100 |  0.0056337858 |         ideal
   532 |    37270 |    100 |  0.000000E+00 |             f
   533 |    37340 |    100 |  0.000000E+00 |             f
   534 |    37410 |    100 |  0.0066289911 |         nadir
   535 |    37480 |    100 |  0.000000E+00 |             f
   536 |    37550 |    100 |  0.0008831999 |             f
   537 |    37620 |    100 |  0.0008831999 |             f
   538 |    37690 |    100 |  0.0008831999 |             f
   539 |    37760 |    100 |  0.0011854016 |             f
   540 |    37830 |    100 |  0.0011854016 |             f
   541 |    37900 |    100 |  0.0020680803 |             f
   542 |    37970 |    100 |  0.0026311484 |             f
   543 |    38040 |    100 |  0.000000E+00 |             f
   544 |    38110 |    100 |  0.0009623655 |             f
   545 |    38180 |    100 |  0.0017092192 |             f
   546 |    38250 |    100 |  0.0019046674 |             f
   547 |    38320 |    100 |  0.0023218378 |             f
   548 |    38390 |    100 |  0.0027816007 |             f
   549 |    38460 |    100 |  0.0005131998 |             f
   550 |    38530 |    100 |  0.0016066594 |             f
   551 |    38600 |    100 |  0.0027409983 |             f
   552 |    38670 |    100 |  0.000000E+00 |             f
   553 |    38740 |    100 |  0.0005519505 |             f
   554 |    38810 |    100 |  0.0005519505 |             f
   555 |    38880 |    100 |  0.0009173401 |             f
   556 |    38950 |    100 |  0.0018424532 |             f
   557 |    39020 |    100 |  0.0019645843 |             f
   558 |    39090 |    100 |  0.0020720745 |             f
   559 |    39160 |    100 |  0.0026539345 |             f
   560 |    39230 |    100 |  0.0003450193 |             f
   561 |    39300 |    100 |  0.0003450193 |             f
   562 |    39370 |    100 |  0.0006040941 |             f
   563 |    39440 |    100 |  0.0006040941 |             f
   564 |    39510 |    100 |  0.0009621074 |             f
   565 |    39580 |    100 |  0.0009621074 |             f
   566 |    39650 |    100 |  0.0009621074 |             f
   567 |    39720 |     99 |  0.0014674279 |             f
   568 |    39790 |     99 |  0.0014674279 |             f
   569 |    39860 |     99 |  0.0014674279 |             f
   570 |    39930 |    100 |  0.0021019291 |             f
   571 |    40000 |    100 |  0.0032770246 |             f
   572 |    40070 |    100 |  0.0001181165 |             f
   573 |    40140 |    100 |  0.0007686242 |             f
   574 |    40210 |    100 |  0.0012054168 |             f
   575 |    40280 |    100 |  0.0012054168 |             f
   576 |    40350 |    100 |  0.0012054168 |             f
   577 |    40420 |    100 |  0.0130325255 |         nadir
   578 |    40490 |    100 |  0.0005113018 |             f
   579 |    40560 |    100 |  0.0021877288 |             f
   580 |    40630 |    100 |  0.0010664323 |             f
   581 |    40700 |    100 |  0.0018134787 |             f
   582 |    40770 |     99 |  0.0026689687 |             f
   583 |    40840 |     99 |  0.0000832645 |             f
   584 |    40910 |     99 |  0.0000832645 |             f
   585 |    40980 |     99 |  0.0000832645 |             f
   586 |    41050 |    100 |  0.0006528907 |             f
   587 |    41120 |    100 |  0.0006528907 |             f
   588 |    41190 |    100 |  0.0012631593 |             f
   589 |    41260 |    100 |  0.0017295558 |             f
   590 |    41330 |    100 |  0.0021305504 |             f
   591 |    41400 |    100 |  0.0027662788 |             f
   592 |    41470 |    100 |  0.0008762530 |             f
   593 |    41540 |    100 |  0.0012562045 |             f
   594 |    41610 |    100 |  0.0117023904 |         ideal
   595 |    41680 |    100 |  0.000000E+00 |             f
   596 |    41750 |    100 |  0.000000E+00 |             f
   597 |    41820 |    100 |  0.0006226397 |             f
   598 |    41890 |    100 |  0.0014509819 |             f
   599 |    41960 |    100 |  0.0014509819 |             f
   600 |    42030 |    100 |  0.0019380236 |             f
   601 |    42100 |    100 |  0.0025422160 |             f
   602 |    42170 |    100 |  0.0222163797 |         nadir
   603 |    42240 |    100 |  0.000000E+00 |             f
   604 |    42310 |    100 |  0.0006495963 |             f
   605 |    42380 |    100 |  0.0006495963 |             f
   606 |    42450 |    100 |  0.0017911118 |             f
   607 |    42520 |    100 |  0.0024821900 |             f
   608 |    42590 |    100 |  0.0040070612 |             f
   609 |    42660 |    100 |  0.0003092810 |             f
   610 |    42730 |    100 |  0.0006220951 |             f
   611 |    42800 |    100 |  0.0006220951 |             f
   612 |    42870 |    100 |  0.0013597916 |             f
   613 |    42940 |    100 |  0.0014082608 |             f
   614 |    43010 |    100 |  0.0014082608 |             f
   615 |    43080 |    100 |  0.0016080768 |             f
   616 |    43150 |    100 |  0.0016080768 |             f
   617 |    43220 |    100 |  0.0024436014 |             f
   618 |    43290 |    100 |  0.0024436014 |             f
   619 |    43360 |    100 |  0.0024436014 |             f
   620 |    43430 |    100 |  0.0033586538 |             f
   621 |    43500 |    100 |  0.0006019455 |             f
   622 |    43570 |    100 |  0.0006019455 |             f
   623 |    43640 |    100 |  0.0006019455 |             f
   624 |    43710 |    100 |  0.0012903512 |             f
   625 |    43780 |    100 |  0.0017503963 |             f
   626 |    43850 |     95 |  0.0024481220 |             f
   627 |    43920 |     95 |  0.0024481220 |             f
   628 |    43990 |     97 |  0.0027355784 |             f
   629 |    44060 |     98 |  0.0004675827 |             f
   630 |    44130 |     99 |  0.0006269568 |             f
   631 |    44200 |    100 |  0.0020168051 |             f
   632 |    44270 |    100 |  0.0021372844 |             f
   633 |    44340 |    100 |  0.0021372844 |             f
   634 |    44410 |    100 |  0.0023353664 |             f
   635 |    44480 |    100 |  0.0023353664 |             f
   636 |    44550 |    100 |  0.0035551714 |             f
   637 |    44620 |    100 |  0.0247445751 |         nadir
   638 |    44690 |    100 |  0.0000613639 |             f
   639 |    44760 |    100 |  0.0003180338 |             f
   640 |    44830 |    100 |  0.0003180338 |             f
   641 |    44900 |    100 |  0.0005319273 |             f
   642 |    44970 |    100 |  0.0018069602 |             f
   643 |    45040 |    100 |  0.0018069602 |             f
   644 |    45110 |     99 |  0.0023792921 |             f
   645 |    45180 |    100 |  0.0029350805 |             f
   646 |    45250 |    100 |  0.0008466108 |             f
   647 |    45320 |    100 |  0.0008466108 |             f
   648 |    45390 |    100 |  0.0213243669 |         nadir
   649 |    45460 |    100 |  0.0004613160 |             f
   650 |    45530 |    100 |  0.0268485551 |         nadir
   651 |    45600 |    100 |  0.0004121920 |             f
   652 |    45670 |    100 |  0.0004121920 |             f
   653 |    45740 |    100 |  0.0031186971 |         ideal
   654 |    45810 |    100 |  0.0004039118 |             f
   655 |    45880 |    100 |  0.0012943590 |             f
   656 |    45950 |    100 |  0.0014890029 |             f
   657 |    46020 |    100 |  0.0018485843 |             f
   658 |    46090 |    100 |  0.0020114054 |             f
   659 |    46160 |    100 |  0.0021015987 |             f
   660 |    46230 |    100 |  0.0029588073 |             f
   661 |    46300 |    100 |  0.000000E+00 |             f
   662 |    46370 |    100 |  0.0001018862 |             f
   663 |    46440 |    100 |  0.0007212136 |             f
   664 |    46510 |    100 |  0.0013875600 |             f
   665 |    46580 |    100 |  0.0018156137 |             f
   666 |    46650 |    100 |  0.0034745437 |             f
   667 |    46720 |    100 |  0.0022758542 |             f
   668 |    46790 |    100 |  0.0240240630 |         nadir
   669 |    46860 |    100 |  0.000000E+00 |             f
   670 |    46930 |    100 |  0.0005470525 |             f
   671 |    47000 |    100 |  0.0005470525 |             f
   672 |    47070 |    100 |  0.0005470525 |             f
   673 |    47140 |    100 |  0.0028988738 |             f
   674 |    47210 |    100 |  0.000000E+00 |             f
   675 |    47280 |    100 |  0.0001337378 |             f
   676 |    47350 |    100 |  0.0003975195 |             f
   677 |    47420 |    100 |  0.0003975195 |             f
   678 |    47490 |    100 |  0.0008605399 |             f
   679 |    47560 |    100 |  0.0079723483 |         ideal
   680 |    47630 |    100 |  0.0003606940 |             f
   681 |    47700 |    100 |  0.0014746297 |             f
   682 |    47770 |    100 |  0.0021653772 |             f
   683 |    47840 |    100 |  0.0021653772 |             f
   684 |    47910 |    100 |  0.0021653772 |             f
   685 |    47980 |    100 |  0.0625118006 |         nadir
   686 |    48050 |    100 |  0.0000356892 |             f
   687 |    48120 |    100 |  0.0006981034 |             f
   688 |    48190 |    100 |  0.0022659403 |             f
   689 |    48260 |    100 |  0.0022659403 |             f
   690 |    48330 |    100 |  0.0037575911 |             f
   691 |    48400 |    100 |  0.0058814109 |         nadir
   692 |    48470 |    100 |  0.0004818176 |             f
   693 |    48540 |    100 |  0.0005481719 |             f
   694 |    48610 |    100 |  0.0010608230 |             f
   695 |    48680 |    100 |  0.0016558650 |             f
   696 |    48750 |    100 |  0.0021938346 |             f
   697 |    48820 |    100 |  0.0021938346 |             f
   698 |    48890 |    100 |  0.0021938346 |             f
   699 |    48960 |    100 |  0.0024938503 |             f
   700 |    49030 |    100 |  0.0033255161 |             f
   701 |    49100 |    100 |  0.0007245058 |             f
   702 |    49170 |    100 |  0.0011799676 |             f
   703 |    49240 |    100 |  0.0011809527 |             f
   704 |    49310 |    100 |  0.0009291448 |             f
   705 |    49380 |    100 |  0.0016672583 |             f
   706 |    49450 |    100 |  0.0019127264 |             f
   707 |    49520 |    100 |  0.0024921095 |             f
   708 |    49590 |    100 |  0.0026548429 |             f
   709 |    49660 |    100 |  0.0025852183 |         ideal
   710 |    49730 |    100 |  0.0014370188 |             f
   711 |    49800 |    100 |  0.0014370188 |             f
   712 |    49870 |    100 |  0.0014370188 |             f
   713 |    49940 |    100 |  0.0014370188 |             f
   714 |    50010 |    100 |  0.0022529997 |             f
   715 |    50080 |    100 |  0.0033707555 |             f
   716 |    50150 |    100 |  0.0009119585 |             f
   717 |    50220 |    100 |  0.0014493980 |             f
   718 |    50290 |    100 |  0.0020077615 |             f
   719 |    50360 |    100 |  0.0023539922 |             f
   720 |    50430 |    100 |  0.0020225293 |             f
   721 |    50500 |    100 |  0.0030051777 |             f
   722 |    50570 |    100 |  0.0005135947 |             f
   723 |    50640 |    100 |  0.0005135947 |             f
   724 |    50710 |    100 |  0.0040231497 |         ideal
   725 |    50780 |    100 |  0.0006298291 |             f
   726 |    50850 |    100 |  0.0006298291 |             f
   727 |    50920 |    100 |  0.0009407515 |             f
   728 |    50990 |    100 |  0.0019724648 |             f
   729 |    51060 |    100 |  0.0019724648 |             f
   730 |    51130 |    100 |  0.0028078155 |             f
   731 |    51200 |    100 |  0.0004892043 |             f
   732 |    51270 |    100 |  0.0004892043 |             f
   733 |    51340 |    100 |  0.0010256074 |             f
   734 |    51410 |    100 |  0.0017833394 |             f
   735 |    51480 |    100 |  0.0244578301 |         nadir
   736 |    51550 |    100 |  0.0007530754 |             f
   737 |    51620 |    100 |  0.0007530754 |             f
   738 |    51690 |    100 |  0.0007530754 |             f
   739 |    51760 |    100 |  0.0016096764 |             f
   740 |    51830 |    100 |  0.0024374145 |             f
   741 |    51900 |    100 |  0.0025130763 |             f
   742 |    51970 |    100 |  0.000000E+00 |             f
   743 |    52040 |    100 |  0.0010987363 |             f
   744 |    52110 |    100 |  0.0014540658 |             f
   745 |    52180 |    100 |  0.0022444339 |             f
   746 |    52250 |    100 |  0.0024858232 |             f
   747 |    52320 |    100 |  0.0024858232 |             f
   748 |    52390 |    100 |  0.0029771662 |             f
   749 |    52460 |    100 |  0.0009091614 |             f
   750 |    52530 |    100 |  0.0015484385 |             f
   751 |    52600 |    100 |  0.0015484385 |             f
   752 |    52670 |    100 |  0.0015484385 |             f
   753 |    52740 |    100 |  0.0016553230 |             f
   754 |    52810 |    100 |  0.0016553230 |             f
   755 |    52880 |    100 |  0.0022623264 |             f
   756 |    52950 |    100 |  0.0029608722 |             f
   757 |    53020 |    100 |  0.0001993405 |             f
   758 |    53090 |    100 |  0.0001993405 |             f
   759 |    53160 |    100 |  0.0005346688 |             f
   760 |    53230 |    100 |  0.0022894015 |             f
   761 |    53300 |    100 |  0.0030115475 |             f
   762 |    53370 |    100 |  0.0016890225 |             f
   763 |    53440 |    100 |  0.0020298122 |             f
   764 |    53510 |     99 |  0.0024041377 |             f
   765 |    53580 |     97 |  0.0029102583 |             f
   766 |    53650 |     93 |  0.0018937442 |             f
   767 |    53720 |     95 |  0.0024333352 |             f
   768 |    53790 |     96 |  0.0031603503 |             f
   769 |    53860 |     97 |  0.0000578140 |             f
   770 |    53930 |    100 |  0.0015713059 |             f
   771 |    54000 |    100 |  0.0655325873 |         nadir
   772 |    54070 |    100 |  0.0016338067 |             f
   773 |    54140 |    100 |  0.0017924892 |             f
   774 |    54210 |    100 |  0.0023743023 |             f
   775 |    54280 |    100 |  0.0023743023 |             f
   776 |    54350 |    100 |  0.0025063027 |             f
   777 |    54420 |    100 |  0.0007059984 |             f
   778 |    54490 |    100 |  0.0016183219 |             f
   779 |    54560 |    100 |  0.0016183219 |             f
   780 |    54630 |    100 |  0.0020100137 |             f
   781 |    54700 |    100 |  0.0038865238 |             f
   782 |    54770 |     98 |  0.0004716605 |             f
   783 |    54840 |     99 |  0.0013637310 |             f
   784 |    54910 |    100 |  0.0032803098 |             f
   785 |    54980 |    100 |  0.0004178349 |             f
   786 |    55050 |    100 |  0.0019886323 |             f
   787 |    55120 |    100 |  0.0019886323 |             f
   788 |    55190 |    100 |  0.0030293003 |             f
   789 |    55260 |    100 |  0.000000E+00 |             f
   790 |    55330 |    100 |  0.0020409474 |             f
   791 |    55400 |    100 |  0.0024689760 |             f
   792 |    55470 |    100 |  0.0026965810 |             f
   793 |    55540 |    100 |  0.0002988184 |             f
   794 |    55610 |    100 |  0.0004323630 |             f
   795 |    55680 |    100 |  0.0004323630 |             f
   796 |    55750 |    100 |  0.0004323630 |             f
   797 |    55820 |    100 |  0.0008911235 |             f
   798 |    55890 |     98 |  0.0018035174 |             f
   799 |    55960 |     98 |  0.0018035174 |             f
   800 |    56030 |     99 |  0.0023549460 |             f
   801 |    56100 |    100 |  0.0038880476 |             f
   802 |    56170 |    100 |  0.000000E+00 |             f
   803 |    56240 |    100 |  0.0001733046 |             f
   804 |    56310 |    100 |  0.0002978402 |             f
   805 |    56380 |    100 |  0.0010753434 |             f
   806 |    56450 |    100 |  0.0019461462 |             f
   807 |    56520 |    100 |  0.0019461462 |             f
   808 |    56590 |    100 |  0.0018184429 |             f
   809 |    56660 |    100 |  0.0024222873 |             f
   810 |    56730 |    100 |  0.0038157501 |             f
   811 |    56800 |    100 |  0.0001178241 |             f
   812 |    56870 |    100 |  0.0005780383 |             f
   813 |    56940 |    100 |  0.0014178519 |             f
   814 |    57010 |    100 |  0.0014277813 |             f
   815 |    57080 |    100 |  0.0019005627 |             f
   816 |    57150 |    100 |  0.0027312587 |             f
   817 |    57220 |    100 |  0.0005352320 |             f
   818 |    57290 |    100 |  0.0006498235 |             f
   819 |    57360 |    100 |  0.0007885329 |             f
   820 |    57430 |    100 |  0.0019162201 |             f
   821 |    57500 |    100 |  0.0019162201 |             f
   822 |    57570 |    100 |  0.0029252845 |             f
   823 |    57640 |    100 |  0.0008921090 |             f
   824 |    57710 |    100 |  0.0009453213 |             f
   825 |    57780 |    100 |  0.0018982923 |             f
   826 |    57850 |    100 |  0.0020241045 |             f
   827 |    57920 |    100 |  0.0020241045 |             f
   828 |    57990 |    100 |  0.0020241045 |             f
   829 |    58060 |    100 |  0.0020152526 |             f
   830 |    58130 |    100 |  0.0022447341 |             f
   831 |    58200 |    100 |  0.0028956664 |         nadir
   832 |    58270 |    100 |  0.0002890818 |             f
   833 |    58340 |    100 |  0.0002938653 |             f
   834 |    58410 |    100 |  0.0005322707 |             f
   835 |    58480 |    100 |  0.0005322707 |             f
   836 |    58550 |    100 |  0.0025640053 |             f
   837 |    58620 |    100 |  0.0010390407 |             f
   838 |    58690 |    100 |  0.0009304854 |             f
   839 |    58760 |    100 |  0.0018611863 |             f
   840 |    58830 |    100 |  0.0018611863 |             f
   841 |    58900 |    100 |  0.0018611863 |             f
   842 |    58970 |    100 |  0.0018915890 |             f
   843 |    59040 |    100 |  0.0018915890 |             f
   844 |    59110 |    100 |  0.0018915890 |             f
   845 |    59180 |    100 |  0.0018915890 |             f
   846 |    59250 |    100 |  0.0020401078 |             f
   847 |    59320 |    100 |  0.0020401078 |             f
   848 |    59390 |    100 |  0.0024507028 |             f
   849 |    59460 |    100 |  0.0031312173 |             f
   850 |    59530 |    100 |  0.0002813798 |             f
   851 |    59600 |    100 |  0.0002813798 |             f
   852 |    59670 |    100 |  0.0020903064 |             f
   853 |    59740 |    100 |  0.0020903064 |             f
   854 |    59810 |    100 |  0.0020903064 |             f
   855 |    59880 |    100 |  0.0028033062 |             f
   856 |    59950 |    100 |  0.000000E+00 |             f
   857 |    60020 |    100 |  0.0009225519 |             f
   858 |    60090 |    100 |  0.0009225519 |             f
   859 |    60160 |    100 |  0.0009225519 |             f
   860 |    60230 |    100 |  0.0011547305 |             f
   861 |    60300 |    100 |  0.0011984575 |             f
   862 |    60370 |    100 |  0.0011984575 |             f
   863 |    60440 |    100 |  0.0016376850 |             f
   864 |    60510 |    100 |  0.0016948303 |             f
   865 |    60580 |    100 |  0.0020714205 |             f
   866 |    60650 |    100 |  0.0037855560 |             f
   867 |    60720 |    100 |  0.000000E+00 |             f
   868 |    60790 |    100 |  0.000000E+00 |             f
   869 |    60860 |    100 |  0.000000E+00 |             f
   870 |    60930 |    100 |  4.757469E-06 |             f
   871 |    61000 |     94 |  0.0701282745 |         nadir
   872 |    61070 |     94 |  0.000000E+00 |             f
   873 |    61140 |     94 |  0.000000E+00 |             f
   874 |    61210 |     94 |  0.0015016105 |             f
   875 |    61280 |     94 |  0.0015016105 |             f
   876 |    61350 |     95 |  0.0016517584 |             f
   877 |    61420 |     96 |  0.0026368213 |             f
   878 |    61490 |     98 |  0.0009636832 |             f
   879 |    61560 |     99 |  0.0016130142 |             f
   880 |    61630 |     99 |  0.0016130142 |             f
   881 |    61700 |    100 |  0.0019972197 |             f
   882 |    61770 |    100 |  0.0040291547 |             f
   883 |    61840 |    100 |  0.000000E+00 |             f
   884 |    61910 |    100 |  0.0002428600 |             f
   885 |    61980 |    100 |  0.0002428600 |             f
   886 |    62050 |    100 |  0.0002428600 |             f
   887 |    62120 |    100 |  0.0012807126 |             f
   888 |    62190 |    100 |  0.0016484994 |             f
   889 |    62260 |    100 |  0.0016484994 |             f
   890 |    62330 |    100 |  0.0016484994 |             f
   891 |    62400 |    100 |  0.0019687964 |             f
   892 |    62470 |    100 |  0.0025585496 |             f
   893 |    62540 |    100 |  0.000000E+00 |             f
   894 |    62610 |    100 |  0.000000E+00 |             f
   895 |    62680 |    100 |  0.000000E+00 |             f
   896 |    62750 |    100 |  0.0002223641 |             f
   897 |    62820 |    100 |  0.0002223641 |             f
   898 |    62890 |    100 |  0.0006202052 |             f
   899 |    62960 |    100 |  0.0008912188 |             f
   900 |    63030 |    100 |  0.0017150732 |             f
   901 |    63100 |    100 |  0.0017150732 |             f
   902 |    63170 |    100 |  0.0025064196 |             f
   903 |    63240 |    100 |  0.0014325728 |             f
   904 |    63310 |     97 |  0.0031941785 |             f
   905 |    63380 |    100 |  0.0003841776 |             f
   906 |    63450 |    100 |  0.0002290940 |             f
   907 |    63520 |    100 |  0.0008834341 |             f
   908 |    63590 |    100 |  0.0008834341 |             f
   909 |    63660 |    100 |  0.0008834341 |             f
   910 |    63730 |    100 |  0.0012390602 |             f
   911 |    63800 |    100 |  0.0012390602 |             f
   912 |    63870 |    100 |  0.0013005504 |             f
   913 |    63940 |    100 |  0.0020643523 |             f
   914 |    64010 |    100 |  0.0023272846 |             f
   915 |    64080 |    100 |  0.0023272846 |             f
   916 |    64150 |    100 |  0.0029332620 |             f
   917 |    64220 |    100 |  0.000000E+00 |             f
   918 |    64290 |    100 |  0.000000E+00 |             f
   919 |    64360 |    100 |  0.0006775149 |             f
   920 |    64430 |    100 |  0.0006775149 |             f
   921 |    64500 |    100 |  0.0012657786 |             f
   922 |    64570 |    100 |  0.0012657786 |             f
   923 |    64640 |    100 |  0.0026409999 |             f
   924 |    64710 |    100 |  0.0005445617 |             f
   925 |    64780 |     98 |  0.0015121360 |             f
   926 |    64850 |     98 |  0.0017006194 |             f
   927 |    64920 |     99 |  0.0025101652 |             f
   928 |    64990 |    100 |  0.0000555041 |             f
   929 |    65060 |    100 |  0.0024763613 |             f
   930 |    65130 |    100 |  0.0028232856 |             f
   931 |    65200 |    100 |  0.0006823161 |             f
   932 |    65270 |    100 |  0.0011416316 |             f
   933 |    65340 |    100 |  0.0011416316 |             f
   934 |    65410 |    100 |  0.0017125988 |             f
   935 |    65480 |     99 |  0.0297883317 |         nadir
   936 |    65550 |     99 |  0.000000E+00 |             f
   937 |    65620 |    100 |  0.0007703727 |             f
   938 |    65690 |    100 |  0.0014937227 |             f
   939 |    65760 |    100 |  0.0012475316 |             f
   940 |    65830 |    100 |  0.0015728838 |             f
   941 |    65900 |    100 |  0.0024259367 |             f
   942 |    65970 |    100 |  0.0030923338 |             f
   943 |    66040 |    100 |  0.0003383882 |             f
   944 |    66110 |    100 |  0.0014232500 |             f
   945 |    66180 |    100 |  0.0014232500 |             f
   946 |    66250 |    100 |  0.0014232500 |             f
   947 |    66320 |    100 |  0.0016479334 |             f
   948 |    66390 |    100 |  0.0021581904 |             f
   949 |    66460 |    100 |  0.0021581904 |             f
   950 |    66530 |    100 |  0.0021581904 |             f
   951 |    66600 |    100 |  0.0021581904 |             f
   952 |    66670 |    100 |  0.0030974539 |             f
   953 |    66740 |    100 |  0.0014932587 |             f
   954 |    66810 |    100 |  0.0014932587 |             f
   955 |    66880 |    100 |  0.0014932587 |             f
   956 |    66950 |    100 |  0.0023353329 |             f
   957 |    67020 |    100 |  0.0035902044 |             f
   958 |    67090 |    100 |  0.0005384228 |             f
   959 |    67160 |    100 |  0.0012170963 |             f
   960 |    67230 |    100 |  0.0012170963 |             f
   961 |    67300 |    100 |  0.0015991397 |             f
   962 |    67370 |    100 |  0.0016658586 |             f
   963 |    67440 |    100 |  0.0022728707 |             f
   964 |    67510 |    100 |  0.0026881030 |             f
   965 |    67580 |    100 |  0.0009904233 |             f
   966 |    67650 |    100 |  0.0009904233 |             f
   967 |    67720 |    100 |  0.0012341664 |             f
   968 |    67790 |    100 |  0.0016101265 |             f
   969 |    67860 |    100 |  0.0018783811 |             f
   970 |    67930 |    100 |  0.0018783811 |             f
   971 |    68000 |    100 |  0.0034578117 |             f
   972 |    68070 |    100 |  0.0005186573 |             f
   973 |    68140 |    100 |  0.0230750416 |         nadir
   974 |    68210 |    100 |  0.0008782500 |             f
   975 |    68280 |    100 |  0.0012869569 |             f
   976 |    68350 |    100 |  0.0020281272 |             f
   977 |    68420 |    100 |  0.0026538309 |             f
   978 |    68490 |    100 |  0.000000E+00 |             f
   979 |    68560 |    100 |  0.000000E+00 |             f
   980 |    68630 |    100 |  0.0007854727 |             f
   981 |    68700 |    100 |  0.0018163184 |             f
   982 |    68770 |    100 |  0.0024098312 |             f
   983 |    68840 |    100 |  0.0030294223 |             f
   984 |    68910 |    100 |  0.000000E+00 |             f
   985 |    68980 |    100 |  0.000000E+00 |             f
   986 |    69050 |    100 |  0.0006945648 |             f
   987 |    69120 |    100 |  0.0006945648 |             f
   988 |    69190 |    100 |  0.0006945648 |             f
   989 |    69260 |    100 |  0.0006941368 |             f
   990 |    69330 |    100 |  0.0004457509 |             f
   991 |    69400 |    100 |  0.0015198541 |             f
   992 |    69470 |    100 |  0.0015198541 |             f
   993 |    69540 |    100 |  0.0009713145 |             f
   994 |    69610 |    100 |  0.0009713145 |             f
   995 |    69680 |    100 |  0.0019082104 |             f
   996 |    69750 |    100 |  0.0019082104 |             f
   997 |    69820 |    100 |  0.0024908301 |             f
   998 |    69890 |    100 |  0.0024908301 |             f
   999 |    69960 |    100 |  0.0029707675 |             f
  1000 |    70030 |    100 |  0.000000E+00 |             f


[OTIMIZACAO][FIM]=2024-02-01 17:54:36.286762
