[OTIMIZACAO][PARAMETROS][TAMANHO_POPULACAO_INICIAL]=1250
[OTIMIZACAO][PARAMETROS][QUANTIDADE_DESCENDENTES]=875
[OTIMIZACAO][PARAMETROS][QUANTIDADE_GERACOES_TERMINO_OTIMIZACAO]=1000

[OTIMIZACAO][INICIO]=2024-02-07 00:59:36.188031

==========================================================
n_gen  |  n_eval  | n_nds  |      eps      |   indicator  
==========================================================
     1 |     1250 |     31 |             - |             -
     2 |     2125 |     32 |  0.0628158527 |         ideal
     3 |     3000 |     39 |  0.1536761230 |         nadir
     4 |     3875 |     44 |  0.0197750992 |             f
     5 |     4750 |     47 |  0.0539702796 |         ideal
     6 |     5625 |     48 |  0.0490421903 |         nadir
     7 |     6500 |     58 |  0.0213769754 |             f
     8 |     7375 |     63 |  0.4265439878 |         nadir
     9 |     8250 |     68 |  0.0378797325 |         ideal
    10 |     9125 |     70 |  0.3016770772 |         nadir
    11 |    10000 |     77 |  0.0591136864 |         ideal
    12 |    10875 |     76 |  0.2256373223 |         nadir
    13 |    11750 |     76 |  0.0140644811 |         ideal
    14 |    12625 |     69 |  0.0487263501 |         ideal
    15 |    13500 |     75 |  0.1548869027 |         nadir
    16 |    14375 |     83 |  0.0186184078 |         ideal
    17 |    15250 |     89 |  0.0053310852 |             f
    18 |    16125 |     95 |  0.0592077283 |         nadir
    19 |    17000 |    101 |  0.7234048499 |         nadir
    20 |    17875 |    107 |  0.0228455285 |         nadir
    21 |    18750 |    112 |  0.0108777423 |         ideal
    22 |    19625 |    122 |  0.0373880201 |         ideal
    23 |    20500 |    128 |  0.0135566037 |         ideal
    24 |    21375 |    130 |  0.0050010813 |         ideal
    25 |    22250 |    128 |  0.0044438776 |             f
    26 |    23125 |    121 |  0.0028866665 |             f
    27 |    24000 |    124 |  0.2095135302 |         nadir
    28 |    24875 |    126 |  0.0229258506 |         ideal
    29 |    25750 |    123 |  0.2096268796 |         nadir
    30 |    26625 |    126 |  0.1746952872 |         nadir
    31 |    27500 |    127 |  0.0019082804 |             f
    32 |    28375 |    119 |  0.0060433394 |             f
    33 |    29250 |    119 |  0.0307920967 |         ideal
    34 |    30125 |    122 |  0.0034055782 |             f
    35 |    31000 |    121 |  0.0193522732 |         ideal
    36 |    31875 |    129 |  0.0057358507 |         ideal
    37 |    32750 |    136 |  0.0091819669 |         ideal
    38 |    33625 |    135 |  0.0045605150 |             f
    39 |    34500 |    139 |  0.0013566116 |             f
    40 |    35375 |    138 |  0.0046626635 |             f
    41 |    36250 |    119 |  0.0039563597 |         ideal
    42 |    37125 |    123 |  0.0018799004 |             f
    43 |    38000 |    117 |  0.1603763451 |         nadir
    44 |    38875 |    118 |  0.0029693869 |             f
    45 |    39750 |    117 |  0.0048100957 |             f
    46 |    40625 |    107 |  0.0035056802 |             f
    47 |    41500 |    105 |  0.0133455714 |         ideal
    48 |    42375 |    112 |  0.0085641052 |         ideal
    49 |    43250 |    113 |  0.1758170642 |         nadir
    50 |    44125 |    117 |  0.0011814811 |             f
    51 |    45000 |    117 |  0.0030779560 |             f
    52 |    45875 |    120 |  0.0025717839 |             f
    53 |    46750 |    119 |  0.0795110817 |         nadir
    54 |    47625 |    115 |  0.0020854204 |             f
    55 |    48500 |    119 |  0.0035392504 |         ideal
    56 |    49375 |    116 |  0.0172996600 |         nadir
    57 |    50250 |    121 |  0.0029963511 |             f
    58 |    51125 |    124 |  0.0025193195 |             f
    59 |    52000 |    131 |  0.0291260311 |         nadir
    60 |    52875 |    131 |  0.0016644220 |             f
    61 |    53750 |    133 |  0.0028460299 |             f
    62 |    54625 |    142 |  0.0215220182 |         ideal
    63 |    55500 |    137 |  0.0206692143 |         ideal
    64 |    56375 |    137 |  0.0007389839 |             f
    65 |    57250 |    136 |  0.0028100397 |             f
    66 |    58125 |    134 |  0.0031388876 |             f
    67 |    59000 |    139 |  0.0027661381 |             f
    68 |    59875 |    142 |  0.0112024761 |         ideal
    69 |    60750 |    132 |  0.0021926704 |             f
    70 |    61625 |    132 |  0.0041802837 |             f
    71 |    62500 |    134 |  0.0032291493 |         nadir
    72 |    63375 |    131 |  0.0015156420 |             f
    73 |    64250 |    136 |  0.0037750215 |             f
    74 |    65125 |    142 |  0.0023513685 |             f
    75 |    66000 |    142 |  0.0047382083 |             f
    76 |    66875 |    149 |  0.0034445755 |             f
    77 |    67750 |    149 |  0.0023831615 |             f
    78 |    68625 |    150 |  0.0160629765 |         ideal
    79 |    69500 |    153 |  0.0013630279 |             f
    80 |    70375 |    154 |  0.0030520857 |             f
    81 |    71250 |    158 |  0.0013542979 |             f
    82 |    72125 |    162 |  0.0030547836 |             f
    83 |    73000 |    170 |  0.0017776836 |             f
    84 |    73875 |    178 |  0.1872180909 |         nadir
    85 |    74750 |    184 |  0.0009587822 |             f
    86 |    75625 |    185 |  0.0025727453 |         ideal
    87 |    76500 |    187 |  0.0012191543 |             f
    88 |    77375 |    185 |  0.0021716014 |             f
    89 |    78250 |    190 |  0.0029749866 |             f
    90 |    79125 |    193 |  0.0004559253 |             f
    91 |    80000 |    189 |  0.0013462322 |             f
    92 |    80875 |    182 |  0.0026455434 |             f
    93 |    81750 |    185 |  0.0010015844 |             f
    94 |    82625 |    189 |  0.0017908430 |             f
    95 |    83500 |    176 |  0.0034400777 |             f
    96 |    84375 |    180 |  0.0028356008 |             f
    97 |    85250 |    181 |  0.0075274919 |         ideal
    98 |    86125 |    180 |  0.0010362607 |             f
    99 |    87000 |    180 |  0.0021244723 |             f
   100 |    87875 |    183 |  0.0036693249 |             f
   101 |    88750 |    186 |  0.0095299673 |         ideal
   102 |    89625 |    189 |  0.0012019067 |             f
   103 |    90500 |    187 |  0.0038623854 |             f
   104 |    91375 |    180 |  0.0016328184 |             f
   105 |    92250 |    181 |  0.0019888943 |             f
   106 |    93125 |    180 |  0.0028207382 |             f
   107 |    94000 |    181 |  0.0006092990 |             f
   108 |    94875 |    187 |  0.0012009364 |             f
   109 |    95750 |    184 |  0.0023068134 |             f
   110 |    96625 |    189 |  0.0030708134 |             f
   111 |    97500 |    191 |  0.0018978618 |             f
   112 |    98375 |    197 |  0.0030591072 |             f
   113 |    99250 |    194 |  0.0002647391 |             f
   114 |   100125 |    200 |  0.0009425078 |             f
   115 |   101000 |    200 |  0.0019945186 |             f
   116 |   101875 |    206 |  0.0040558696 |             f
   117 |   102750 |    210 |  0.0008046404 |             f
   118 |   103625 |    212 |  0.0010047459 |             f
   119 |   104500 |    216 |  0.0022320208 |             f
   120 |   105375 |    212 |  0.1975464431 |         nadir
   121 |   106250 |    214 |  0.0008913372 |             f
   122 |   107125 |    216 |  0.0064751005 |         ideal
   123 |   108000 |    216 |  0.0001670148 |             f
   124 |   108875 |    214 |  0.0853785006 |         nadir
   125 |   109750 |    219 |  0.0082928552 |         ideal
   126 |   110625 |    224 |  0.0009113603 |             f
   127 |   111500 |    223 |  0.0018292381 |             f
   128 |   112375 |    225 |  0.0027170526 |             f
   129 |   113250 |    216 |  0.0008692434 |             f
   130 |   114125 |    212 |  0.0011369644 |             f
   131 |   115000 |    215 |  0.0013608978 |             f
   132 |   115875 |    216 |  0.0018379497 |             f
   133 |   116750 |    210 |  0.0031540831 |             f
   134 |   117625 |    213 |  0.0013939644 |             f
   135 |   118500 |    216 |  0.0021748202 |             f
   136 |   119375 |    215 |  0.0026059722 |             f
   137 |   120250 |    218 |  0.0003110832 |             f
   138 |   121125 |    222 |  0.0009706864 |             f
   139 |   122000 |    219 |  0.0019814435 |             f
   140 |   122875 |    221 |  0.0022225028 |             f
   141 |   123750 |    226 |  0.0026717493 |         nadir
   142 |   124625 |    232 |  0.0012358492 |             f
   143 |   125500 |    231 |  0.0016101111 |             f
   144 |   126375 |    234 |  0.0019751974 |             f
   145 |   127250 |    237 |  0.0028694661 |             f
   146 |   128125 |    244 |  0.0016392592 |             f
   147 |   129000 |    238 |  0.0020854969 |             f
   148 |   129875 |    233 |  0.0213271298 |         ideal
   149 |   130750 |    237 |  0.0003953715 |             f
   150 |   131625 |    233 |  0.0016330927 |             f
   151 |   132500 |    237 |  0.0026175981 |             f
   152 |   133375 |    231 |  0.0008895979 |             f
   153 |   134250 |    235 |  0.0408400615 |         ideal
   154 |   135125 |    225 |  0.0165449655 |         nadir
   155 |   136000 |    224 |  0.0000480968 |             f
   156 |   136875 |    222 |  0.0012426269 |             f
   157 |   137750 |    227 |  0.0021390214 |             f
   158 |   138625 |    224 |  0.0033964458 |             f
   159 |   139500 |    229 |  0.0016479660 |             f
   160 |   140375 |    229 |  0.0022308508 |             f
   161 |   141250 |    231 |  0.0031755330 |             f
   162 |   142125 |    235 |  0.0015012164 |             f
   163 |   143000 |    234 |  0.0018990771 |             f
   164 |   143875 |    235 |  0.0024588387 |             f
   165 |   144750 |    235 |  0.0029500284 |             f
   166 |   145625 |    236 |  0.0005475664 |             f
   167 |   146500 |    241 |  0.0010733677 |             f
   168 |   147375 |    238 |  0.2792678401 |         nadir
   169 |   148250 |    240 |  0.0007105027 |             f
   170 |   149125 |    229 |  0.0018370874 |             f
   171 |   150000 |    230 |  0.0019787874 |             f
   172 |   150875 |    231 |  0.0034637882 |             f
   173 |   151750 |    234 |  0.0039595900 |         ideal
   174 |   152625 |    229 |  0.0010045265 |             f
   175 |   153500 |    233 |  0.0015648201 |             f
   176 |   154375 |    236 |  0.0030141251 |             f
   177 |   155250 |    240 |  0.0006222194 |             f
   178 |   156125 |    241 |  0.0015667943 |             f
   179 |   157000 |    243 |  0.0276214313 |         nadir
   180 |   157875 |    230 |  0.0019963187 |             f
   181 |   158750 |    201 |  0.0033572808 |             f
   182 |   159625 |    201 |  0.0006221739 |             f
   183 |   160500 |    206 |  0.0014927860 |             f
   184 |   161375 |    202 |  0.0026321324 |             f
   185 |   162250 |    207 |  0.0011576442 |             f
   186 |   163125 |    196 |  0.0660998746 |         nadir
   187 |   164000 |    197 |  0.0006482247 |             f
   188 |   164875 |    202 |  0.0012195482 |             f
   189 |   165750 |    207 |  0.0018593404 |             f
   190 |   166625 |    211 |  0.0032026369 |             f
   191 |   167500 |    213 |  0.0007246775 |             f
   192 |   168375 |    217 |  0.0030279086 |             f
   193 |   169250 |    222 |  0.0006956103 |             f
   194 |   170125 |    223 |  0.0012440600 |             f
   195 |   171000 |    213 |  0.0038829178 |         ideal
   196 |   171875 |    211 |  0.0055779244 |         ideal
   197 |   172750 |    214 |  0.0006999335 |             f
   198 |   173625 |    218 |  0.0008952299 |             f
   199 |   174500 |    223 |  0.0022365995 |             f
   200 |   175375 |    221 |  0.0054583428 |         ideal
   201 |   176250 |    222 |  0.0005402490 |             f
   202 |   177125 |    224 |  0.0009834566 |             f
   203 |   178000 |    217 |  0.0018331135 |             f
   204 |   178875 |    221 |  0.0022839352 |             f
   205 |   179750 |    226 |  0.0037020197 |             f
   206 |   180625 |    230 |  0.0004132769 |             f
   207 |   181500 |    232 |  0.0005870642 |             f
   208 |   182375 |    235 |  0.0009677383 |             f
   209 |   183250 |    236 |  0.1899051117 |         nadir
   210 |   184125 |    241 |  0.0006390108 |             f
   211 |   185000 |    243 |  0.0010442010 |             f
   212 |   185875 |    249 |  0.0021639416 |             f
   213 |   186750 |    246 |  0.0040290044 |             f
   214 |   187625 |    247 |  0.0000882848 |             f
   215 |   188500 |    253 |  0.0007540938 |             f
   216 |   189375 |    254 |  0.0011854355 |             f
   217 |   190250 |    248 |  0.0018435998 |             f
   218 |   191125 |    247 |  0.0025694007 |             f
   219 |   192000 |    247 |  0.0008921216 |             f
   220 |   192875 |    251 |  0.0016998030 |             f
   221 |   193750 |    255 |  0.0020424409 |             f
   222 |   194625 |    257 |  0.0027071796 |             f
   223 |   195500 |    259 |  0.0005120333 |             f
   224 |   196375 |    261 |  0.0031625557 |         ideal
   225 |   197250 |    261 |  0.0013997823 |             f
   226 |   198125 |    263 |  0.0019111502 |             f
   227 |   199000 |    267 |  0.0023900940 |             f
   228 |   199875 |    266 |  0.0031279977 |             f
   229 |   200750 |    268 |  0.0007018804 |             f
   230 |   201625 |    273 |  0.0012570972 |             f
   231 |   202500 |    275 |  0.0047050066 |         ideal
   232 |   203375 |    273 |  0.0117259575 |         nadir
   233 |   204250 |    276 |  0.0003631533 |             f
   234 |   205125 |    278 |  0.1181212242 |         nadir
   235 |   206000 |    281 |  0.0001951158 |             f
   236 |   206875 |    288 |  0.0068712625 |         ideal
   237 |   207750 |    285 |  0.0003330784 |             f
   238 |   208625 |    288 |  0.0008117072 |             f
   239 |   209500 |    287 |  0.0015091676 |             f
   240 |   210375 |    293 |  0.0021469160 |             f
   241 |   211250 |    292 |  0.0028543079 |             f
   242 |   212125 |    298 |  0.0008482383 |             f
   243 |   213000 |    298 |  0.0014090231 |             f
   244 |   213875 |    301 |  0.0017470179 |             f
   245 |   214750 |    306 |  0.0022619949 |             f
   246 |   215625 |    308 |  0.0074827739 |         ideal
   247 |   216500 |    314 |  0.0005823073 |             f
   248 |   217375 |    308 |  0.0126068605 |         nadir
   249 |   218250 |    310 |  0.0001973845 |             f
   250 |   219125 |    313 |  0.0007587558 |             f
   251 |   220000 |    313 |  0.0007587558 |             f
   252 |   220875 |    317 |  0.0011322258 |             f
   253 |   221750 |    316 |  0.0015102107 |             f
   254 |   222625 |    315 |  0.0023967533 |             f
   255 |   223500 |    311 |  0.0034828152 |             f
   256 |   224375 |    314 |  0.0003332411 |             f
   257 |   225250 |    315 |  0.0004910425 |             f
   258 |   226125 |    322 |  0.0016088992 |             f
   259 |   227000 |    327 |  0.0019682581 |             f
   260 |   227875 |    327 |  0.0022509973 |             f
   261 |   228750 |    329 |  0.0026502839 |             f
   262 |   229625 |    329 |  0.0005891898 |             f
   263 |   230500 |    324 |  0.0015090348 |             f
   264 |   231375 |    317 |  0.0721487446 |         nadir
   265 |   232250 |    323 |  0.0006796265 |             f
   266 |   233125 |    329 |  0.0184611237 |         nadir
   267 |   234000 |    331 |  0.0005324924 |             f
   268 |   234875 |    336 |  0.0008766303 |             f
   269 |   235750 |    338 |  0.0012517184 |             f
   270 |   236625 |    334 |  0.0017147904 |             f
   271 |   237500 |    331 |  0.0021202653 |             f
   272 |   238375 |    338 |  0.0025296325 |             f
   273 |   239250 |    340 |  0.0026283208 |         ideal
   274 |   240125 |    343 |  0.0002078678 |             f
   275 |   241000 |    343 |  0.0051730981 |         ideal
   276 |   241875 |    350 |  0.0004999241 |             f
   277 |   242750 |    353 |  0.0009110141 |             f
   278 |   243625 |    360 |  0.0311595996 |         ideal
   279 |   244500 |    365 |  0.1222431183 |         nadir
   280 |   245375 |    371 |  0.0005895497 |             f
   281 |   246250 |    373 |  0.0012913575 |             f
   282 |   247125 |    376 |  0.0014508975 |             f
   283 |   248000 |    379 |  0.0022358332 |             f
   284 |   248875 |    378 |  0.0034675582 |         ideal
   285 |   249750 |    381 |  0.0002588167 |             f
   286 |   250625 |    376 |  0.0006148028 |             f
   287 |   251500 |    375 |  0.0010174721 |             f
   288 |   252375 |    368 |  0.0011407065 |             f
   289 |   253250 |    372 |  0.0018944617 |             f
   290 |   254125 |    379 |  0.0024659339 |             f
   291 |   255000 |    377 |  0.0028368088 |             f
   292 |   255875 |    374 |  0.0005404274 |             f
   293 |   256750 |    374 |  0.1530249261 |         nadir
   294 |   257625 |    376 |  0.0004814517 |             f
   295 |   258500 |    375 |  0.0007860985 |             f
   296 |   259375 |    378 |  0.0010434787 |             f
   297 |   260250 |    380 |  0.0014425439 |             f
   298 |   261125 |    379 |  0.0016168990 |             f
   299 |   262000 |    378 |  0.0021327196 |             f
   300 |   262875 |    379 |  0.0024874422 |             f
   301 |   263750 |    382 |  0.0027467130 |             f
   302 |   264625 |    385 |  0.0005537489 |             f
   303 |   265500 |    386 |  0.0006587360 |             f
   304 |   266375 |    388 |  0.0009703827 |             f
   305 |   267250 |    392 |  0.0251307407 |         nadir
   306 |   268125 |    392 |  0.0001033433 |             f
   307 |   269000 |    394 |  0.0004269461 |             f
   308 |   269875 |    395 |  0.0005488908 |             f
   309 |   270750 |    398 |  0.0138381195 |         ideal
   310 |   271625 |    401 |  0.0003808340 |             f
   311 |   272500 |    403 |  0.0005639382 |             f
   312 |   273375 |    407 |  0.0008048236 |             f
   313 |   274250 |    413 |  0.0050172508 |         ideal
   314 |   275125 |    404 |  0.0005064823 |             f
   315 |   276000 |    404 |  0.0007214722 |             f
   316 |   276875 |    408 |  0.0010102593 |             f
   317 |   277750 |    411 |  0.0012797588 |             f
   318 |   278625 |    406 |  0.0015252694 |             f
   319 |   279500 |    397 |  0.0018637488 |             f
   320 |   280375 |    401 |  0.0021084876 |             f
   321 |   281250 |    404 |  0.0024036102 |             f
   322 |   282125 |    402 |  0.0025040938 |             f
   323 |   283000 |    407 |  0.0004161627 |             f
   324 |   283875 |    397 |  0.0122387645 |         nadir
   325 |   284750 |    401 |  0.0003374571 |             f
   326 |   285625 |    400 |  0.0580767527 |         nadir
   327 |   286500 |    402 |  0.0004428381 |             f
   328 |   287375 |    404 |  0.0005562716 |             f
   329 |   288250 |    405 |  0.0006272948 |             f
   330 |   289125 |    404 |  0.0011359346 |             f
   331 |   290000 |    406 |  0.0015453989 |             f
   332 |   290875 |    408 |  0.0013633095 |             f
   333 |   291750 |    407 |  0.0015502007 |             f
   334 |   292625 |    384 |  0.2284594704 |         nadir
   335 |   293500 |    381 |  0.0004468115 |             f
   336 |   294375 |    385 |  0.0070673181 |         nadir
   337 |   295250 |    391 |  0.0004485136 |             f
   338 |   296125 |    391 |  0.0006159900 |             f
   339 |   297000 |    384 |  0.0043472335 |         ideal
   340 |   297875 |    390 |  0.0041670593 |         nadir
   341 |   298750 |    392 |  0.0001530678 |             f
   342 |   299625 |    390 |  0.0004361201 |             f
   343 |   300500 |    395 |  0.0012385720 |             f
   344 |   301375 |    397 |  0.0059008429 |         ideal
   345 |   302250 |    393 |  0.0005140362 |             f
   346 |   303125 |    394 |  0.0008199025 |             f
   347 |   304000 |    396 |  0.0013569124 |             f
   348 |   304875 |    401 |  0.0017950546 |             f
   349 |   305750 |    401 |  0.0020310100 |             f
   350 |   306625 |    400 |  0.0021093943 |             f
   351 |   307500 |    402 |  0.0023120854 |             f
   352 |   308375 |    397 |  0.0028904564 |             f
   353 |   309250 |    404 |  0.0008322754 |             f
   354 |   310125 |    401 |  0.0012611463 |             f
   355 |   311000 |    384 |  0.0017518352 |             f
   356 |   311875 |    378 |  0.0024387423 |             f
   357 |   312750 |    376 |  0.0032413072 |             f
   358 |   313625 |    379 |  0.0002910521 |             f
   359 |   314500 |    376 |  0.0007558824 |             f
   360 |   315375 |    373 |  0.0012902137 |             f
   361 |   316250 |    375 |  0.0019201263 |             f
   362 |   317125 |    359 |  0.0027226836 |             f
   363 |   318000 |    361 |  0.0000538662 |             f
   364 |   318875 |    362 |  0.0033050553 |         ideal
   365 |   319750 |    358 |  0.0003003983 |             f
   366 |   320625 |    358 |  0.1207846228 |         nadir
   367 |   321500 |    361 |  0.0004855219 |             f
   368 |   322375 |    363 |  0.0006126609 |             f
   369 |   323250 |    365 |  0.0012436903 |             f
   370 |   324125 |    368 |  0.0014404207 |             f
   371 |   325000 |    371 |  0.0016023583 |             f
   372 |   325875 |    372 |  0.0017576609 |             f
   373 |   326750 |    377 |  0.0141540080 |         ideal
   374 |   327625 |    374 |  0.0002892328 |             f
   375 |   328500 |    374 |  0.0006031116 |             f
   376 |   329375 |    374 |  0.0013004733 |             f
   377 |   330250 |    377 |  0.0018577375 |             f
   378 |   331125 |    374 |  0.0022661658 |             f
   379 |   332000 |    376 |  0.0023141714 |             f
   380 |   332875 |    379 |  0.0023776054 |             f
   381 |   333750 |    376 |  0.0028555059 |             f
   382 |   334625 |    383 |  0.0005098131 |             f
   383 |   335500 |    384 |  0.0008052220 |             f
   384 |   336375 |    380 |  0.0011455597 |             f
   385 |   337250 |    382 |  0.0013523397 |             f
   386 |   338125 |    375 |  0.0016475969 |             f
   387 |   339000 |    378 |  0.0017402684 |             f
   388 |   339875 |    381 |  0.0020970841 |             f
   389 |   340750 |    381 |  0.0023190210 |             f
   390 |   341625 |    386 |  0.0028285804 |             f
   391 |   342500 |    382 |  0.0001758618 |             f
   392 |   343375 |    385 |  0.0006397418 |             f
   393 |   344250 |    391 |  0.0009700519 |             f
   394 |   345125 |    395 |  0.0012822369 |             f
   395 |   346000 |    397 |  0.0013939878 |             f
   396 |   346875 |    399 |  0.0014771462 |             f
   397 |   347750 |    401 |  0.0020398929 |             f
   398 |   348625 |    405 |  0.0023862494 |             f
   399 |   349500 |    395 |  0.0679712083 |         nadir
   400 |   350375 |    385 |  0.0003545520 |             f
   401 |   351250 |    387 |  0.0004435437 |             f
   402 |   352125 |    387 |  0.0007524911 |             f
   403 |   353000 |    392 |  0.0009224611 |             f
   404 |   353875 |    385 |  0.0013766556 |             f
   405 |   354750 |    386 |  0.0019480037 |             f
   406 |   355625 |    386 |  0.0022210279 |             f
   407 |   356500 |    395 |  0.0508309447 |         nadir
   408 |   357375 |    397 |  0.0003337696 |             f
   409 |   358250 |    398 |  0.0004127733 |             f
   410 |   359125 |    399 |  0.0007552193 |             f
   411 |   360000 |    399 |  0.0009553712 |             f
   412 |   360875 |    400 |  0.0015551038 |             f
   413 |   361750 |    398 |  0.0019967146 |             f
   414 |   362625 |    402 |  0.0023197921 |             f
   415 |   363500 |    404 |  0.0025375552 |             f
   416 |   364375 |    407 |  0.0836926281 |         nadir
   417 |   365250 |    409 |  0.0002161133 |             f
   418 |   366125 |    414 |  0.0006377295 |             f
   419 |   367000 |    416 |  0.0006900512 |             f
   420 |   367875 |    421 |  0.0010693648 |             f
   421 |   368750 |    421 |  0.0013934408 |             f
   422 |   369625 |    424 |  0.0015675855 |             f
   423 |   370500 |    426 |  0.0019098193 |             f
   424 |   371375 |    427 |  0.0021062790 |             f
   425 |   372250 |    432 |  0.0022579071 |             f
   426 |   373125 |    434 |  0.0024276306 |             f
   427 |   374000 |    438 |  0.0030411221 |             f
   428 |   374875 |    427 |  0.0003554321 |             f
   429 |   375750 |    430 |  0.0341284546 |         nadir
   430 |   376625 |    429 |  0.0003262357 |             f
   431 |   377500 |    415 |  0.0006739343 |             f
   432 |   378375 |    413 |  0.0007822974 |             f
   433 |   379250 |    419 |  0.0010089344 |             f
   434 |   380125 |    420 |  0.0019937008 |             f
   435 |   381000 |    423 |  0.0023697289 |             f
   436 |   381875 |    424 |  0.0066452799 |         ideal
   437 |   382750 |    427 |  0.0004701989 |             f
   438 |   383625 |    433 |  0.0007858927 |             f
   439 |   384500 |    439 |  0.1874498956 |         nadir
   440 |   385375 |    444 |  0.0000927038 |             f
   441 |   386250 |    445 |  0.0002844705 |             f
   442 |   387125 |    445 |  0.0005390600 |             f
   443 |   388000 |    449 |  0.0007344107 |             f
   444 |   388875 |    454 |  0.0008237396 |             f
   445 |   389750 |    451 |  0.0014178332 |             f
   446 |   390625 |    448 |  0.0016918520 |             f
   447 |   391500 |    450 |  0.0019381276 |             f
   448 |   392375 |    446 |  0.0023191337 |             f
   449 |   393250 |    448 |  0.0025055477 |             f
   450 |   394125 |    456 |  0.0003460100 |             f
   451 |   395000 |    456 |  0.0004032729 |             f
   452 |   395875 |    459 |  0.0008698877 |             f
   453 |   396750 |    455 |  0.0012416074 |             f
   454 |   397625 |    443 |  0.0015527503 |             f
   455 |   398500 |    446 |  0.0018188565 |             f
   456 |   399375 |    448 |  0.0018784537 |             f
   457 |   400250 |    445 |  0.2306933377 |         nadir
   458 |   401125 |    446 |  0.0132597986 |         nadir
   459 |   402000 |    455 |  0.0004765559 |             f
   460 |   402875 |    458 |  0.0008159314 |             f
   461 |   403750 |    462 |  0.0587420217 |         nadir
   462 |   404625 |    464 |  0.0000894285 |             f
   463 |   405500 |    469 |  0.0003813926 |             f
   464 |   406375 |    474 |  0.0006229894 |             f
   465 |   407250 |    479 |  0.0009328539 |             f
   466 |   408125 |    476 |  0.1192575163 |         nadir
   467 |   409000 |    475 |  0.0001263299 |             f
   468 |   409875 |    477 |  0.0003195529 |             f
   469 |   410750 |    483 |  0.0006094464 |             f
   470 |   411625 |    478 |  0.0008113399 |             f
   471 |   412500 |    471 |  0.0014219712 |             f
   472 |   413375 |    471 |  0.0021789449 |             f
   473 |   414250 |    473 |  0.0024017457 |             f
   474 |   415125 |    470 |  0.0029465840 |             f
   475 |   416000 |    471 |  0.0003291895 |             f
   476 |   416875 |    473 |  0.0006532711 |             f
   477 |   417750 |    482 |  0.0009580365 |             f
   478 |   418625 |    486 |  0.0012944616 |             f
   479 |   419500 |    481 |  0.0016279367 |             f
   480 |   420375 |    483 |  0.0294903071 |         nadir
   481 |   421250 |    488 |  0.0004433727 |             f
   482 |   422125 |    490 |  0.0008663916 |             f
   483 |   423000 |    491 |  0.0010727330 |             f
   484 |   423875 |    495 |  0.0014044643 |             f
   485 |   424750 |    480 |  0.0018114044 |             f
   486 |   425625 |    480 |  0.0021761994 |             f
   487 |   426500 |    485 |  0.1594303569 |         nadir
   488 |   427375 |    488 |  0.0004307171 |             f
   489 |   428250 |    490 |  0.0007519338 |             f
   490 |   429125 |    491 |  0.0008245452 |             f
   491 |   430000 |    495 |  0.0009800541 |             f
   492 |   430875 |    497 |  0.0012036711 |             f
   493 |   431750 |    498 |  0.0014330117 |             f
   494 |   432625 |    501 |  0.0016071283 |             f
   495 |   433500 |    506 |  0.0021753979 |             f
   496 |   434375 |    510 |  0.0025550704 |             f
   497 |   435250 |    512 |  0.0005202078 |             f
   498 |   436125 |    512 |  0.0007138567 |             f
   499 |   437000 |    516 |  0.0008767148 |             f
   500 |   437875 |    521 |  0.0012267830 |             f
   501 |   438750 |    528 |  0.0015124333 |             f
   502 |   439625 |    526 |  0.0018501208 |             f
   503 |   440500 |    532 |  0.0021204779 |             f
   504 |   441375 |    532 |  0.0022393233 |             f
   505 |   442250 |    536 |  0.0025357626 |             f
   506 |   443125 |    536 |  0.0063417135 |         nadir
   507 |   444000 |    536 |  0.0003410768 |             f
   508 |   444875 |    524 |  0.0007226764 |             f
   509 |   445750 |    523 |  0.0010943296 |             f
   510 |   446625 |    519 |  0.0013830081 |             f
   511 |   447500 |    517 |  0.0017364439 |             f
   512 |   448375 |    521 |  0.0019214705 |             f
   513 |   449250 |    523 |  0.0020382254 |             f
   514 |   450125 |    530 |  0.0025497962 |             f
   515 |   451000 |    534 |  0.0002859601 |             f
   516 |   451875 |    540 |  0.0005909013 |             f
   517 |   452750 |    544 |  0.0007511206 |             f
   518 |   453625 |    544 |  0.0009607094 |             f
   519 |   454500 |    547 |  0.0010742096 |             f
   520 |   455375 |    556 |  0.0014684230 |             f
   521 |   456250 |    560 |  0.0016215429 |             f
   522 |   457125 |    562 |  0.0017172484 |             f
   523 |   458000 |    565 |  0.0018072153 |             f
   524 |   458875 |    560 |  0.0020172424 |             f
   525 |   459750 |    560 |  0.0022449491 |             f
   526 |   460625 |    562 |  0.0023337566 |             f
   527 |   461500 |    562 |  0.0024968502 |             f
   528 |   462375 |    564 |  0.0027358949 |         ideal
   529 |   463250 |    562 |  0.0000913030 |             f
   530 |   464125 |    567 |  0.0003153865 |             f
   531 |   465000 |    562 |  0.0004970517 |             f
   532 |   465875 |    566 |  0.0388166274 |         nadir
   533 |   466750 |    567 |  0.0002068843 |             f
   534 |   467625 |    568 |  0.0003236554 |             f
   535 |   468500 |    573 |  0.0004448180 |             f
   536 |   469375 |    573 |  0.0007140076 |             f
   537 |   470250 |    575 |  0.0007611191 |             f
   538 |   471125 |    569 |  0.0007880335 |             f
   539 |   472000 |    572 |  0.0012180046 |             f
   540 |   472875 |    565 |  0.0014036658 |             f
   541 |   473750 |    568 |  0.0017129713 |             f
   542 |   474625 |    572 |  0.0020860789 |             f
   543 |   475500 |    573 |  0.0021160171 |             f
   544 |   476375 |    581 |  0.0023882023 |             f
   545 |   477250 |    584 |  0.0025397561 |             f
   546 |   478125 |    588 |  0.0001709722 |             f
   547 |   479000 |    584 |  0.0003470313 |             f
   548 |   479875 |    579 |  0.0007481284 |             f
   549 |   480750 |    583 |  0.0009238985 |             f
   550 |   481625 |    588 |  0.0010789283 |             f
   551 |   482500 |    586 |  0.0012388382 |             f
   552 |   483375 |    589 |  0.0012608896 |             f
   553 |   484250 |    592 |  0.0054515054 |         nadir
   554 |   485125 |    590 |  0.0001200632 |             f
   555 |   486000 |    590 |  0.0002552584 |             f
   556 |   486875 |    593 |  0.0003030759 |             f
   557 |   487750 |    593 |  0.0004380763 |             f
   558 |   488625 |    594 |  0.0005856801 |             f
   559 |   489500 |    595 |  0.0010507791 |             f
   560 |   490375 |    597 |  0.0012118293 |             f
   561 |   491250 |    599 |  0.0012360626 |             f
   562 |   492125 |    597 |  0.0013965201 |             f
   563 |   493000 |    580 |  0.0016006483 |             f
   564 |   493875 |    586 |  0.0018550535 |             f
   565 |   494750 |    589 |  0.0019236781 |             f
   566 |   495625 |    586 |  0.0021354933 |             f
   567 |   496500 |    586 |  0.0022274335 |             f
   568 |   497375 |    587 |  0.0023997183 |             f
   569 |   498250 |    594 |  0.0026894382 |             f
   570 |   499125 |    584 |  0.0001462539 |             f
   571 |   500000 |    581 |  0.0005866124 |             f
   572 |   500875 |    586 |  0.0008598221 |             f
   573 |   501750 |    587 |  0.0010332613 |             f
   574 |   502625 |    591 |  0.0011229731 |             f
   575 |   503500 |    589 |  0.0015609033 |             f
   576 |   504375 |    591 |  0.0017059205 |             f
   577 |   505250 |    592 |  0.0019113215 |             f
   578 |   506125 |    597 |  0.0023211962 |             f
   579 |   507000 |    599 |  0.0025973329 |             f
   580 |   507875 |    602 |  0.0001373466 |             f
   581 |   508750 |    608 |  0.0003580702 |             f
   582 |   509625 |    609 |  0.0003574823 |             f
   583 |   510500 |    613 |  0.0005194550 |             f
   584 |   511375 |    613 |  0.0006650222 |             f
   585 |   512250 |    617 |  0.0007619148 |             f
   586 |   513125 |    618 |  0.0009657303 |             f
   587 |   514000 |    622 |  0.0010887812 |             f
   588 |   514875 |    620 |  0.0013227299 |             f
   589 |   515750 |    623 |  0.0015573626 |             f
   590 |   516625 |    624 |  0.0016833079 |             f
   591 |   517500 |    628 |  0.0017535645 |             f
   592 |   518375 |    623 |  0.0019296138 |             f
   593 |   519250 |    624 |  0.0019363151 |             f
   594 |   520125 |    631 |  0.0024713013 |             f
   595 |   521000 |    637 |  0.0027002058 |             f
   596 |   521875 |    636 |  0.0002182764 |             f
   597 |   522750 |    639 |  0.0002611994 |             f
   598 |   523625 |    635 |  0.0004851912 |             f
   599 |   524500 |    634 |  0.0006266200 |             f
   600 |   525375 |    641 |  0.0009502927 |             f
   601 |   526250 |    643 |  0.0011530868 |             f
   602 |   527125 |    644 |  0.0013651720 |             f
   603 |   528000 |    647 |  0.0014735997 |             f
   604 |   528875 |    647 |  0.0015044697 |             f
   605 |   529750 |    654 |  0.0018241272 |             f
   606 |   530625 |    658 |  0.0019294212 |             f
   607 |   531500 |    658 |  0.0020230170 |             f
   608 |   532375 |    656 |  0.0020920993 |             f
   609 |   533250 |    656 |  0.0022250332 |             f
   610 |   534125 |    662 |  0.0023182058 |             f
   611 |   535000 |    663 |  0.0024077182 |             f
   612 |   535875 |    663 |  0.0026063196 |             f
   613 |   536750 |    663 |  0.0001673366 |             f
   614 |   537625 |    666 |  0.0002930256 |             f
   615 |   538500 |    669 |  0.0003818291 |             f
   616 |   539375 |    671 |  0.0004161490 |             f
   617 |   540250 |    674 |  0.0006045056 |             f
   618 |   541125 |    668 |  0.0008905282 |             f
   619 |   542000 |    656 |  0.0010843863 |             f
   620 |   542875 |    656 |  0.0010843863 |             f
   621 |   543750 |    660 |  0.0012006862 |             f
   622 |   544625 |    664 |  0.0013362502 |             f
   623 |   545500 |    664 |  0.0014406842 |             f
   624 |   546375 |    671 |  0.0016123649 |             f
   625 |   547250 |    674 |  0.0017175499 |             f
   626 |   548125 |    680 |  0.0018148925 |             f
   627 |   549000 |    684 |  0.0020163819 |             f
   628 |   549875 |    687 |  0.0020554093 |             f
   629 |   550750 |    687 |  0.0020817518 |             f
   630 |   551625 |    686 |  0.0022172130 |             f
   631 |   552500 |    680 |  0.0026790741 |             f
   632 |   553375 |    686 |  0.0003370098 |             f
   633 |   554250 |    686 |  0.0005381028 |             f
   634 |   555125 |    688 |  0.0006816255 |             f
   635 |   556000 |    696 |  0.0008247621 |             f
   636 |   556875 |    699 |  0.0009343354 |             f
   637 |   557750 |    703 |  0.0009848484 |             f
   638 |   558625 |    706 |  0.0010866328 |             f
   639 |   559500 |    704 |  0.0013040187 |             f
   640 |   560375 |    708 |  0.0014220080 |             f
   641 |   561250 |    709 |  0.0014783901 |             f
   642 |   562125 |    706 |  0.0015403007 |             f
   643 |   563000 |    708 |  0.0016244572 |             f
   644 |   563875 |    714 |  0.0017584000 |             f
   645 |   564750 |    719 |  0.0018473398 |             f
   646 |   565625 |    724 |  0.0019970985 |             f
   647 |   566500 |    726 |  0.0020697271 |             f
   648 |   567375 |    724 |  0.0021629551 |             f
   649 |   568250 |    711 |  0.0021775163 |             f
   650 |   569125 |    709 |  0.0024057551 |             f
   651 |   570000 |    711 |  0.0024619770 |             f
   652 |   570875 |    694 |  0.0027019517 |             f
   653 |   571750 |    698 |  0.0002329645 |             f
   654 |   572625 |    702 |  0.0003917698 |             f
   655 |   573500 |    702 |  0.0004944691 |             f
   656 |   574375 |    705 |  0.0005996648 |             f
   657 |   575250 |    708 |  0.0006869974 |             f
   658 |   576125 |    696 |  0.0008385592 |             f
   659 |   577000 |    695 |  0.0009129634 |             f
   660 |   577875 |    700 |  0.0010728459 |             f
   661 |   578750 |    705 |  0.0012183365 |             f
   662 |   579625 |    707 |  0.0014010187 |             f
   663 |   580500 |    707 |  0.0015148994 |             f
   664 |   581375 |    702 |  0.0017506883 |             f
   665 |   582250 |    703 |  0.0017827789 |             f
   666 |   583125 |    706 |  0.0020856121 |             f
   667 |   584000 |    708 |  0.0021096992 |             f
   668 |   584875 |    711 |  0.0021524590 |             f
   669 |   585750 |    714 |  0.0023136447 |             f
   670 |   586625 |    716 |  0.0023235047 |             f
   671 |   587500 |    716 |  0.0024937873 |             f
   672 |   588375 |    713 |  0.0026847605 |             f
   673 |   589250 |    717 |  0.0000976856 |             f
   674 |   590125 |    724 |  0.0002907637 |             f
   675 |   591000 |    730 |  0.0003799215 |             f
   676 |   591875 |    731 |  0.0003914575 |             f
   677 |   592750 |    733 |  0.0004471987 |             f
   678 |   593625 |    737 |  0.0005261607 |             f
   679 |   594500 |    743 |  0.0005881392 |             f
   680 |   595375 |    741 |  0.0008128664 |             f
   681 |   596250 |    740 |  0.0009363760 |             f
   682 |   597125 |    738 |  0.0009550379 |             f
   683 |   598000 |    740 |  0.0010211068 |             f
   684 |   598875 |    738 |  0.0011751796 |             f
   685 |   599750 |    742 |  0.0013210208 |             f
   686 |   600625 |    745 |  0.0223723961 |         nadir
   687 |   601500 |    748 |  0.0001404357 |             f
   688 |   602375 |    752 |  0.0003097757 |             f
   689 |   603250 |    752 |  0.0005088490 |             f
   690 |   604125 |    755 |  0.0005371196 |             f
   691 |   605000 |    760 |  0.0007037645 |             f
   692 |   605875 |    761 |  0.0008987344 |             f
   693 |   606750 |    759 |  0.0009646958 |             f
   694 |   607625 |    763 |  0.0011132829 |             f
   695 |   608500 |    764 |  0.0011347188 |             f
   696 |   609375 |    763 |  0.0012814019 |             f
   697 |   610250 |    763 |  0.0014280389 |             f
   698 |   611125 |    762 |  0.0016201340 |             f
   699 |   612000 |    766 |  0.0017407602 |             f
   700 |   612875 |    756 |  0.0019668943 |             f
   701 |   613750 |    755 |  0.0020206734 |             f
   702 |   614625 |    743 |  0.0020632707 |             f
   703 |   615500 |    744 |  0.0021206572 |             f
   704 |   616375 |    743 |  0.0021569390 |             f
   705 |   617250 |    748 |  0.0027062365 |         ideal
   706 |   618125 |    744 |  0.0001567970 |             f
   707 |   619000 |    743 |  0.0002188228 |             f
   708 |   619875 |    744 |  0.0003010670 |             f
   709 |   620750 |    747 |  0.0003878535 |             f
   710 |   621625 |    747 |  0.0004681894 |             f
   711 |   622500 |    747 |  0.0005727847 |             f
   712 |   623375 |    751 |  0.0007424975 |             f
   713 |   624250 |    749 |  0.0008416225 |             f
   714 |   625125 |    752 |  0.0108302280 |         nadir
   715 |   626000 |    756 |  0.0000968086 |             f
   716 |   626875 |    765 |  0.0004440089 |             f
   717 |   627750 |    767 |  0.0004727293 |             f
   718 |   628625 |    775 |  0.0008309166 |             f
   719 |   629500 |    770 |  0.0009161371 |             f
   720 |   630375 |    770 |  0.0009600787 |             f
   721 |   631250 |    772 |  0.0009698181 |             f
   722 |   632125 |    775 |  0.0010847350 |             f
   723 |   633000 |    778 |  0.0011339712 |             f
   724 |   633875 |    766 |  0.0012308010 |             f
   725 |   634750 |    773 |  0.0013109736 |             f
   726 |   635625 |    773 |  0.0013271149 |             f
   727 |   636500 |    772 |  0.0014427689 |             f
   728 |   637375 |    767 |  0.0015396173 |             f
   729 |   638250 |    771 |  0.0017539948 |             f
   730 |   639125 |    766 |  0.0018647930 |             f
   731 |   640000 |    764 |  0.0017922511 |             f
   732 |   640875 |    766 |  0.0018335137 |             f
   733 |   641750 |    764 |  0.0020034892 |             f
   734 |   642625 |    766 |  0.0020892240 |             f
   735 |   643500 |    772 |  0.0096349957 |         nadir
   736 |   644375 |    770 |  0.0001193362 |             f
   737 |   645250 |    769 |  0.0002429181 |             f
   738 |   646125 |    770 |  0.0002552629 |             f
   739 |   647000 |    773 |  0.0002789687 |             f
   740 |   647875 |    776 |  0.0003228470 |             f
   741 |   648750 |    778 |  0.0003955048 |             f
   742 |   649625 |    780 |  0.0004627921 |             f
   743 |   650500 |    781 |  0.0005309286 |             f
   744 |   651375 |    786 |  0.0006488422 |             f
   745 |   652250 |    778 |  0.0008634080 |             f
   746 |   653125 |    778 |  0.0009078940 |             f
   747 |   654000 |    776 |  0.0032448160 |         nadir
   748 |   654875 |    779 |  0.0000574410 |             f
   749 |   655750 |    776 |  0.0001488051 |             f
   750 |   656625 |    775 |  0.0002153916 |             f
   751 |   657500 |    779 |  0.0003166974 |             f
   752 |   658375 |    777 |  0.0003392084 |             f
   753 |   659250 |    775 |  0.0003865218 |             f
   754 |   660125 |    768 |  0.0006032906 |             f
   755 |   661000 |    769 |  0.0006791306 |             f
   756 |   661875 |    775 |  0.0009974669 |             f
   757 |   662750 |    778 |  0.0010108605 |             f
   758 |   663625 |    782 |  0.0010435681 |             f
   759 |   664500 |    787 |  0.0011572576 |             f
   760 |   665375 |    785 |  0.0012110794 |             f
   761 |   666250 |    789 |  0.0012626074 |             f
   762 |   667125 |    786 |  0.0014807870 |             f
   763 |   668000 |    785 |  0.0018697678 |             f
   764 |   668875 |    787 |  0.0020855144 |             f
   765 |   669750 |    790 |  0.0024009507 |             f
   766 |   670625 |    792 |  0.0025033172 |             f
   767 |   671500 |    794 |  0.0001022362 |             f
   768 |   672375 |    796 |  0.0002145802 |             f
   769 |   673250 |    801 |  0.0003797721 |             f
   770 |   674125 |    806 |  0.0004382512 |             f
   771 |   675000 |    809 |  0.0005546677 |             f
   772 |   675875 |    808 |  0.0006624550 |             f
   773 |   676750 |    812 |  0.0008037471 |             f
   774 |   677625 |    811 |  0.0008926241 |             f
   775 |   678500 |    813 |  0.0010200859 |             f
   776 |   679375 |    813 |  0.0010200859 |             f
   777 |   680250 |    812 |  0.0011636310 |             f
   778 |   681125 |    814 |  0.0012542313 |             f
   779 |   682000 |    810 |  0.0012865375 |             f
   780 |   682875 |    813 |  0.0013491556 |             f
   781 |   683750 |    812 |  0.0013722416 |             f
   782 |   684625 |    811 |  0.0095548388 |         nadir
   783 |   685500 |    813 |  0.0001726428 |             f
   784 |   686375 |    817 |  0.0002328108 |             f
   785 |   687250 |    821 |  0.0003354305 |             f
   786 |   688125 |    817 |  0.0003959421 |             f
   787 |   689000 |    814 |  0.0005319986 |             f
   788 |   689875 |    817 |  0.0006925699 |             f
   789 |   690750 |    817 |  0.0008486768 |             f
   790 |   691625 |    819 |  0.0009801255 |             f
   791 |   692500 |    824 |  0.0010635486 |             f
   792 |   693375 |    831 |  0.0012117897 |             f
   793 |   694250 |    835 |  0.0012958773 |             f
   794 |   695125 |    834 |  0.0014801372 |             f
   795 |   696000 |    837 |  0.0015660579 |             f
   796 |   696875 |    839 |  0.0016413075 |             f
   797 |   697750 |    845 |  0.0018691128 |             f
   798 |   698625 |    847 |  0.0018900120 |             f
   799 |   699500 |    851 |  0.0019197941 |             f
   800 |   700375 |    856 |  0.0112588753 |         nadir
   801 |   701250 |    861 |  0.0000684755 |             f
   802 |   702125 |    862 |  0.0213517396 |         nadir
   803 |   703000 |    858 |  0.0001740060 |             f
   804 |   703875 |    861 |  0.0002548867 |             f
   805 |   704750 |    864 |  0.0003169544 |             f
   806 |   705625 |    870 |  0.0004673698 |             f
   807 |   706500 |    869 |  0.0005549363 |             f
   808 |   707375 |    863 |  0.0007175048 |             f
   809 |   708250 |    871 |  0.0009360386 |             f
   810 |   709125 |    876 |  0.0010804974 |             f
   811 |   710000 |    871 |  0.0011088445 |             f
   812 |   710875 |    875 |  0.0011937136 |             f
   813 |   711750 |    862 |  0.0014553231 |             f
   814 |   712625 |    863 |  0.0014784742 |             f
   815 |   713500 |    867 |  0.0016166164 |             f
   816 |   714375 |    871 |  0.0016703162 |             f
   817 |   715250 |    873 |  0.0017168320 |             f
   818 |   716125 |    875 |  0.0018535519 |             f
   819 |   717000 |    876 |  0.0019890502 |             f
   820 |   717875 |    884 |  0.0021496283 |             f
   821 |   718750 |    886 |  0.0113807961 |         nadir
   822 |   719625 |    877 |  0.0025298066 |         ideal
   823 |   720500 |    879 |  0.0000653784 |             f
   824 |   721375 |    882 |  0.0003323201 |             f
   825 |   722250 |    872 |  0.0004642562 |             f
   826 |   723125 |    869 |  0.0006091763 |             f
   827 |   724000 |    868 |  0.0007727563 |             f
   828 |   724875 |    874 |  0.0009480865 |             f
   829 |   725750 |    876 |  0.0009854996 |             f
   830 |   726625 |    881 |  0.0010622085 |             f
   831 |   727500 |    882 |  0.0011516626 |             f
   832 |   728375 |    886 |  0.0012473273 |             f
   833 |   729250 |    872 |  0.0013681605 |             f
   834 |   730125 |    874 |  0.0013993737 |             f
   835 |   731000 |    873 |  0.0015266203 |             f
   836 |   731875 |    869 |  0.0016471088 |             f
   837 |   732750 |    869 |  0.0017646784 |             f
   838 |   733625 |    870 |  0.0018749356 |             f
   839 |   734500 |    872 |  0.0020296915 |             f
   840 |   735375 |    876 |  0.0020924267 |             f
   841 |   736250 |    872 |  0.0021399695 |             f
   842 |   737125 |    871 |  0.0022134141 |             f
   843 |   738000 |    874 |  0.0022994034 |             f
   844 |   738875 |    876 |  0.0024553079 |             f
   845 |   739750 |    874 |  0.0024746767 |             f
   846 |   740625 |    878 |  0.0025688716 |             f
   847 |   741500 |    872 |  0.0001264543 |             f
   848 |   742375 |    877 |  0.0002799935 |             f
   849 |   743250 |    881 |  0.0002993239 |             f
   850 |   744125 |    883 |  0.0097842643 |         nadir
   851 |   745000 |    886 |  0.0000508740 |             f
   852 |   745875 |    888 |  0.0001960129 |             f
   853 |   746750 |    895 |  0.0003533735 |             f
   854 |   747625 |    894 |  0.0004642512 |             f
   855 |   748500 |    894 |  0.0005162400 |             f
   856 |   749375 |    894 |  0.0006167511 |             f
   857 |   750250 |    894 |  0.0007069773 |             f
   858 |   751125 |    897 |  0.0007501096 |             f
   859 |   752000 |    901 |  0.0009102392 |             f
   860 |   752875 |    905 |  0.0009733021 |             f
   861 |   753750 |    907 |  0.0010230038 |             f
   862 |   754625 |    908 |  0.0010601386 |             f
   863 |   755500 |    905 |  0.0012554470 |             f
   864 |   756375 |    906 |  0.0012765594 |             f
   865 |   757250 |    908 |  0.0013960179 |             f
   866 |   758125 |    906 |  0.0015347727 |             f
   867 |   759000 |    907 |  0.0015612294 |             f
   868 |   759875 |    911 |  0.0017001313 |             f
   869 |   760750 |    911 |  0.0018438961 |             f
   870 |   761625 |    915 |  0.0018714864 |             f
   871 |   762500 |    912 |  0.0019501050 |             f
   872 |   763375 |    899 |  0.0021026201 |             f
   873 |   764250 |    907 |  0.0022348459 |             f
   874 |   765125 |    906 |  0.0023193574 |             f
   875 |   766000 |    905 |  0.0023216342 |             f
   876 |   766875 |    911 |  0.0023838270 |             f
   877 |   767750 |    907 |  0.0024532624 |             f
   878 |   768625 |    911 |  0.0025129029 |             f
   879 |   769500 |    913 |  0.0001138047 |             f
   880 |   770375 |    913 |  0.0001325510 |             f
   881 |   771250 |    914 |  0.0002529403 |             f
   882 |   772125 |    918 |  0.0003884075 |             f
   883 |   773000 |    920 |  0.0004453061 |             f
   884 |   773875 |    921 |  0.0004508629 |             f
   885 |   774750 |    924 |  0.0005688597 |             f
   886 |   775625 |    928 |  0.0032264139 |         nadir
   887 |   776500 |    923 |  0.0000511596 |             f
   888 |   777375 |    925 |  0.0000626756 |             f
   889 |   778250 |    926 |  0.0000690043 |             f
   890 |   779125 |    928 |  0.0002010423 |             f
   891 |   780000 |    933 |  0.0002937935 |             f
   892 |   780875 |    937 |  0.0003655794 |             f
   893 |   781750 |    934 |  0.0004414706 |             f
   894 |   782625 |    939 |  0.0173073376 |         ideal
   895 |   783500 |    940 |  0.0000304472 |             f
   896 |   784375 |    942 |  0.0000989412 |             f
   897 |   785250 |    943 |  0.0001436449 |             f
   898 |   786125 |    943 |  0.0001564637 |             f
   899 |   787000 |    947 |  0.0002384864 |             f
   900 |   787875 |    950 |  0.0002843386 |             f
   901 |   788750 |    952 |  0.0003112352 |             f
   902 |   789625 |    954 |  0.0003578348 |             f
   903 |   790500 |    956 |  0.0004069563 |             f
   904 |   791375 |    961 |  0.0005311390 |             f
   905 |   792250 |    962 |  0.0007200497 |             f
   906 |   793125 |    964 |  0.0007264894 |             f
   907 |   794000 |    965 |  0.0008880057 |             f
   908 |   794875 |    970 |  0.0010065726 |             f
   909 |   795750 |    972 |  0.0010486480 |             f
   910 |   796625 |    971 |  0.0011677027 |             f
   911 |   797500 |    973 |  0.0012359147 |             f
   912 |   798375 |    978 |  0.0013459086 |             f
   913 |   799250 |    970 |  0.0014081297 |             f
   914 |   800125 |    973 |  0.0014525472 |             f
   915 |   801000 |    975 |  0.0014590884 |             f
   916 |   801875 |    971 |  0.0016236839 |             f
   917 |   802750 |    977 |  0.0017792523 |             f
   918 |   803625 |    978 |  0.0018170306 |             f
   919 |   804500 |    977 |  0.0018915253 |             f
   920 |   805375 |    974 |  0.0020018226 |             f
   921 |   806250 |    971 |  0.0020603465 |             f
   922 |   807125 |    966 |  0.0021094625 |             f
   923 |   808000 |    966 |  0.0021553731 |             f
   924 |   808875 |    952 |  0.0022997807 |             f
   925 |   809750 |    951 |  0.0023107462 |             f
   926 |   810625 |    949 |  0.0023658764 |             f
   927 |   811500 |    951 |  0.0023908596 |             f
   928 |   812375 |    954 |  0.0024862663 |             f
   929 |   813250 |    955 |  0.0025521878 |             f
   930 |   814125 |    952 |  0.0031806577 |         nadir
   931 |   815000 |    956 |  0.0000759759 |             f
   932 |   815875 |    945 |  0.0001870445 |             f
   933 |   816750 |    943 |  0.0002413877 |             f
   934 |   817625 |    944 |  0.0003107702 |             f
   935 |   818500 |    945 |  0.0003681385 |             f
   936 |   819375 |    948 |  0.0004060492 |             f
   937 |   820250 |    949 |  0.0005056475 |             f
   938 |   821125 |    951 |  0.0006171653 |             f
   939 |   822000 |    953 |  0.0006588245 |             f
   940 |   822875 |    952 |  0.0006989069 |             f
   941 |   823750 |    956 |  0.0007542742 |             f
   942 |   824625 |    959 |  0.0008400512 |             f
   943 |   825500 |    958 |  0.0008561352 |             f
   944 |   826375 |    956 |  0.0009392327 |             f
   945 |   827250 |    957 |  0.0009924003 |             f
   946 |   828125 |    961 |  0.0010356667 |             f
   947 |   829000 |    963 |  0.0010903797 |             f
   948 |   829875 |    968 |  0.0012003559 |             f
   949 |   830750 |    971 |  0.0012442298 |             f
   950 |   831625 |    971 |  0.0012636777 |             f
   951 |   832500 |    973 |  0.0013193766 |             f
   952 |   833375 |    935 |  0.0014723922 |             f
   953 |   834250 |    933 |  0.0015763233 |             f
   954 |   835125 |    936 |  0.0016171857 |             f
   955 |   836000 |    940 |  0.0016952416 |             f
   956 |   836875 |    940 |  0.0018065006 |             f
   957 |   837750 |    944 |  0.0018624171 |             f
   958 |   838625 |    948 |  0.0018983200 |             f
   959 |   839500 |    935 |  0.0019995181 |             f
   960 |   840375 |    938 |  0.0020181595 |             f
   961 |   841250 |    935 |  0.0021344323 |             f
   962 |   842125 |    937 |  0.0021912821 |             f
   963 |   843000 |    938 |  0.0022538473 |             f
   964 |   843875 |    943 |  0.0023804590 |             f
   965 |   844750 |    938 |  0.0024233891 |             f
   966 |   845625 |    942 |  0.0025327049 |             f
   967 |   846500 |    942 |  0.0000614914 |             f
   968 |   847375 |    949 |  0.0001328682 |             f
   969 |   848250 |    950 |  0.0002318438 |             f
   970 |   849125 |    955 |  0.0003162840 |             f
   971 |   850000 |    959 |  0.0003612865 |             f
   972 |   850875 |    961 |  0.0003947758 |             f
   973 |   851750 |    960 |  0.0004626563 |             f
   974 |   852625 |    959 |  0.0004833335 |             f
   975 |   853500 |    948 |  0.0050097889 |         nadir
   976 |   854375 |    942 |  0.0000881897 |             f
   977 |   855250 |    943 |  0.0001728458 |             f
   978 |   856125 |    949 |  0.0003720924 |             f
   979 |   857000 |    947 |  0.0004456891 |             f
   980 |   857875 |    947 |  0.0037834633 |         nadir
   981 |   858750 |    945 |  0.0057270917 |         nadir
   982 |   859625 |    944 |  0.0000527054 |             f
   983 |   860500 |    948 |  0.0001327382 |             f
   984 |   861375 |    947 |  0.0002853252 |             f
   985 |   862250 |    949 |  0.0003581099 |             f
   986 |   863125 |    948 |  0.0005198048 |             f
   987 |   864000 |    951 |  0.0005450434 |             f
   988 |   864875 |    954 |  0.0005875884 |             f
   989 |   865750 |    961 |  0.0007423813 |             f
   990 |   866625 |    962 |  0.0008154700 |             f
   991 |   867500 |    962 |  0.0142911413 |         nadir
   992 |   868375 |    962 |  0.0000603288 |             f
   993 |   869250 |    966 |  0.0000933307 |             f
   994 |   870125 |    966 |  0.0000956041 |             f
   995 |   871000 |    962 |  0.0003015073 |             f
   996 |   871875 |    957 |  0.0003687835 |             f
   997 |   872750 |    960 |  0.0004413409 |             f
   998 |   873625 |    964 |  0.0005264576 |             f
   999 |   874500 |    965 |  0.0005360217 |             f
  1000 |   875375 |    964 |  0.0006092014 |             f


[OTIMIZACAO][FIM]=2024-02-07 01:46:33.206357
