[OTIMIZACAO][PARAMETROS][TAMANHO_POPULACAO_INICIAL]=1375
[OTIMIZACAO][PARAMETROS][QUANTIDADE_DESCENDENTES]=962
[OTIMIZACAO][PARAMETROS][QUANTIDADE_GERACOES_TERMINO_OTIMIZACAO]=100

[OTIMIZACAO][INICIO]=2024-02-06 23:21:34.275998

==========================================================
n_gen  |  n_eval  | n_nds  |      eps      |   indicator  
==========================================================
     1 |     1375 |     32 |             - |             -
     2 |     2337 |     35 |  0.0485364289 |             f
     3 |     3299 |     39 |  0.0187656516 |         nadir
     4 |     4261 |     42 |  0.0357708325 |         ideal
     5 |     5223 |     45 |  0.0130777005 |             f
     6 |     6185 |     47 |  0.0092626502 |         ideal
     7 |     7147 |     51 |  0.0854023577 |         nadir
     8 |     8109 |     49 |  0.0294564660 |         ideal
     9 |     9071 |     49 |  0.0274569848 |             f
    10 |    10033 |     43 |  0.0568038368 |         ideal
    11 |    10995 |     49 |  0.2066416349 |         nadir
    12 |    11957 |     58 |  0.1794547787 |         nadir
    13 |    12919 |     59 |  0.0176594017 |         ideal
    14 |    13881 |     60 |  0.5408516541 |         nadir
    15 |    14843 |     64 |  0.0697710500 |         ideal
    16 |    15805 |     74 |  0.0243039193 |         ideal
    17 |    16767 |     71 |  0.0128713221 |             f
    18 |    17729 |     76 |  0.0061192277 |             f
    19 |    18691 |     64 |  0.0084142835 |             f
    20 |    19653 |     69 |  0.0040308243 |             f
    21 |    20615 |     74 |  0.0058342426 |             f
    22 |    21577 |     78 |  0.0030852619 |             f
    23 |    22539 |     73 |  0.0158970744 |         ideal
    24 |    23501 |     76 |  0.0195871164 |         nadir
    25 |    24463 |     77 |  0.1008847396 |         nadir
    26 |    25425 |     82 |  0.0242614964 |         ideal
    27 |    26387 |     85 |  0.4195535850 |         nadir
    28 |    27349 |     85 |  0.0050475342 |             f
    29 |    28311 |     90 |  0.0153439890 |         ideal
    30 |    29273 |     98 |  0.2477519998 |         nadir
    31 |    30235 |    103 |  0.0027561980 |             f
    32 |    31197 |    104 |  0.0182176639 |         ideal
    33 |    32159 |    104 |  0.0779644164 |         nadir
    34 |    33121 |     99 |  0.0048229499 |             f
    35 |    34083 |    108 |  0.0058709020 |             f
    36 |    35045 |    107 |  0.0054824096 |             f
    37 |    36007 |    114 |  0.0031043855 |         ideal
    38 |    36969 |    115 |  0.3200966830 |         nadir
    39 |    37931 |    114 |  0.1265858485 |         nadir
    40 |    38893 |    114 |  0.0179546261 |         ideal
    41 |    39855 |    118 |  0.0035808078 |             f
    42 |    40817 |    123 |  0.0053894440 |         nadir
    43 |    41779 |    126 |  0.0023619536 |             f
    44 |    42741 |    124 |  0.0043268669 |             f
    45 |    43703 |    126 |  0.7040361957 |         nadir
    46 |    44665 |    129 |  0.0039748384 |             f
    47 |    45627 |    121 |  0.0107804695 |         ideal
    48 |    46589 |    121 |  0.0028554590 |             f
    49 |    47551 |    120 |  0.0026800095 |             f
    50 |    48513 |    124 |  0.0171920881 |         nadir
    51 |    49475 |    133 |  0.0149702651 |         ideal
    52 |    50437 |    127 |  0.0025149844 |             f
    53 |    51399 |    131 |  0.0027871352 |             f
    54 |    52361 |    127 |  0.0451367154 |         nadir
    55 |    53323 |    125 |  0.0029049899 |             f
    56 |    54285 |    121 |  0.0338519753 |         ideal
    57 |    55247 |    123 |  0.1307168147 |         nadir
    58 |    56209 |    128 |  0.0087383614 |         ideal
    59 |    57171 |    132 |  0.1228542784 |         nadir
    60 |    58133 |    134 |  0.0163648132 |         ideal
    61 |    59095 |    121 |  0.1760413530 |         nadir
    62 |    60057 |    124 |  0.0028876174 |             f
    63 |    61019 |    126 |  0.0041012635 |         ideal
    64 |    61981 |    130 |  0.0044174495 |             f
    65 |    62943 |    134 |  0.0028997821 |             f
    66 |    63905 |    141 |  0.0027240988 |             f
    67 |    64867 |    144 |  0.1104237768 |         nadir
    68 |    65829 |    139 |  0.0025250993 |             f
    69 |    66791 |    131 |  0.0090257180 |         ideal
    70 |    67753 |    136 |  0.0026172693 |             f
    71 |    68715 |    140 |  0.0031706789 |             f
    72 |    69677 |    134 |  0.0071761527 |             f
    73 |    70639 |    131 |  0.0019574062 |             f
    74 |    71601 |    127 |  0.0250341395 |         ideal
    75 |    72563 |    129 |  0.0009615293 |             f
    76 |    73525 |    133 |  0.0026777865 |             f
    77 |    74487 |    137 |  0.0034939170 |         ideal
    78 |    75449 |    137 |  0.0091187457 |         ideal
    79 |    76411 |    139 |  0.0027252010 |             f
    80 |    77373 |    143 |  0.0017042634 |             f
    81 |    78335 |    149 |  0.0064428092 |             f
    82 |    79297 |    154 |  0.1331102524 |         nadir
    83 |    80259 |    156 |  0.0013532291 |             f
    84 |    81221 |    157 |  0.1535492290 |         nadir
    85 |    82183 |    160 |  0.0013537228 |             f
    86 |    83145 |    158 |  0.0021762367 |             f
    87 |    84107 |    157 |  0.0055997239 |             f
    88 |    85069 |    160 |  0.0012619947 |             f
    89 |    86031 |    163 |  0.0035687863 |             f
    90 |    86993 |    170 |  0.0019856592 |             f
    91 |    87955 |    170 |  0.0027225471 |             f
    92 |    88917 |    171 |  0.0018246574 |             f
    93 |    89879 |    178 |  0.0036052428 |             f
    94 |    90841 |    181 |  0.0018678982 |             f
    95 |    91803 |    187 |  0.0042968608 |         ideal
    96 |    92765 |    187 |  0.0015141789 |             f
    97 |    93727 |    189 |  0.0051449305 |         ideal
    98 |    94689 |    187 |  0.0015882188 |             f
    99 |    95651 |    190 |  0.0042929839 |             f
   100 |    96613 |    196 |  0.0010900419 |             f


[OTIMIZACAO][FIM]=2024-02-06 23:25:04.096947
