[OTIMIZACAO][PARAMETROS][TAMANHO_POPULACAO_INICIAL]=1125
[OTIMIZACAO][PARAMETROS][QUANTIDADE_DESCENDENTES]=788
[OTIMIZACAO][PARAMETROS][QUANTIDADE_GERACOES_TERMINO_OTIMIZACAO]=100

[OTIMIZACAO][INICIO]=2024-02-07 20:22:45.967185

==========================================================
n_gen  |  n_eval  | n_nds  |      eps      |   indicator  
==========================================================
     1 |     1125 |     31 |             - |             -
     2 |     1913 |     41 |  0.0320893390 |         ideal
     3 |     2701 |     44 |  0.0176179399 |             f
     4 |     3489 |     48 |  0.0239640220 |         ideal
     5 |     4277 |     53 |  0.0103470050 |             f
     6 |     5065 |     56 |  0.0105607203 |         ideal
     7 |     5853 |     63 |  0.0107074129 |             f
     8 |     6641 |     64 |  0.0148929720 |             f
     9 |     7429 |     48 |  0.0415143401 |         ideal
    10 |     8217 |     53 |  0.1927906559 |         nadir
    11 |     9005 |     59 |  0.0150723504 |         ideal
    12 |     9793 |     56 |  0.0326429184 |         ideal
    13 |    10581 |     63 |  0.1018208094 |         nadir
    14 |    11369 |     69 |  0.0378062877 |         ideal
    15 |    12157 |     71 |  0.0054158519 |             f
    16 |    12945 |     75 |  0.0044836239 |             f
    17 |    13733 |     80 |  0.0070349480 |             f
    18 |    14521 |     80 |  0.0554308879 |         ideal
    19 |    15309 |     78 |  0.0098520205 |             f
    20 |    16097 |     86 |  0.0084320467 |             f
    21 |    16885 |     84 |  0.0068185093 |         ideal
    22 |    17673 |     76 |  0.0078125979 |             f
    23 |    18461 |     82 |  0.0092480792 |             f
    24 |    19249 |     82 |  0.0097697731 |             f
    25 |    20037 |     76 |  0.0243395604 |         nadir
    26 |    20825 |     79 |  0.0748152559 |         nadir
    27 |    21613 |     85 |  0.0082627849 |         ideal
    28 |    22401 |     88 |  0.1527030992 |         nadir
    29 |    23189 |     90 |  0.0059548546 |             f
    30 |    23977 |     78 |  0.0808652071 |         nadir
    31 |    24765 |     70 |  0.0068644712 |             f
    32 |    25553 |     72 |  0.0042708636 |             f
    33 |    26341 |     75 |  0.0034994698 |             f
    34 |    27129 |     72 |  0.0019662683 |             f
    35 |    27917 |     67 |  0.0094445835 |         nadir
    36 |    28705 |     69 |  0.0050935833 |             f
    37 |    29493 |     67 |  0.1923256104 |         nadir
    38 |    30281 |     61 |  0.0062815209 |             f
    39 |    31069 |     68 |  0.0067573834 |             f
    40 |    31857 |     72 |  0.0101098614 |         ideal
    41 |    32645 |     75 |  0.0020400301 |             f
    42 |    33433 |     77 |  0.0044265035 |             f
    43 |    34221 |     80 |  0.0024820419 |             f
    44 |    35009 |     85 |  0.0044688725 |             f
    45 |    35797 |     86 |  0.0008757846 |             f
    46 |    36585 |     85 |  0.0015733903 |             f
    47 |    37373 |     90 |  0.0055072344 |             f
    48 |    38161 |     94 |  0.0078549184 |         ideal
    49 |    38949 |     82 |  0.0554600147 |         ideal
    50 |    39737 |     83 |  0.000000E+00 |             f
    51 |    40525 |     92 |  0.0075312611 |             f
    52 |    41313 |     97 |  0.0035282499 |             f
    53 |    42101 |    103 |  0.0103503348 |         ideal
    54 |    42889 |    104 |  0.0037640978 |         ideal
    55 |    43677 |    108 |  0.0055383396 |             f
    56 |    44465 |    109 |  0.0013505309 |             f
    57 |    45253 |    115 |  0.0035878247 |             f
    58 |    46041 |    115 |  0.0018001131 |             f
    59 |    46829 |    114 |  0.0040300829 |             f
    60 |    47617 |    116 |  0.0023224647 |             f
    61 |    48405 |    108 |  0.0176006203 |         ideal
    62 |    49193 |    111 |  0.0010247442 |             f
    63 |    49981 |    112 |  0.0040361141 |             f
    64 |    50769 |    118 |  0.0042798071 |             f
    65 |    51557 |    118 |  0.0123909604 |         ideal
    66 |    52345 |    120 |  0.0013948386 |             f
    67 |    53133 |    125 |  0.0063743675 |             f
    68 |    53921 |    128 |  0.0019256473 |             f
    69 |    54709 |    136 |  0.0051401435 |             f
    70 |    55497 |    134 |  0.0019083913 |             f
    71 |    56285 |    129 |  0.0045700619 |             f
    72 |    57073 |    135 |  0.0869289163 |         nadir
    73 |    57861 |    125 |  0.0903146132 |         nadir
    74 |    58649 |    114 |  0.0019574533 |             f
    75 |    59437 |    117 |  0.0042562554 |             f
    76 |    60225 |    113 |  0.0014933744 |             f
    77 |    61013 |    111 |  0.1366289553 |         nadir
    78 |    61801 |    115 |  0.0033158086 |             f
    79 |    62589 |    113 |  0.0023867786 |             f
    80 |    63377 |    119 |  0.1587799385 |         nadir
    81 |    64165 |    120 |  0.0038370769 |             f
    82 |    64953 |    114 |  0.0033906427 |             f
    83 |    65741 |    119 |  0.0024953108 |             f
    84 |    66529 |    122 |  0.0040618636 |             f
    85 |    67317 |    118 |  0.0023203133 |             f
    86 |    68105 |    118 |  0.0428759246 |         ideal
    87 |    68893 |    121 |  0.0394453381 |         nadir
    88 |    69681 |    120 |  0.0134172128 |         ideal
    89 |    70469 |    120 |  0.1857466906 |         nadir
    90 |    71257 |    120 |  0.0010713980 |             f
    91 |    72045 |    123 |  0.0023405942 |             f
    92 |    72833 |    119 |  0.0045891668 |             f
    93 |    73621 |    120 |  0.0009712676 |             f
    94 |    74409 |    124 |  0.0030147449 |             f
    95 |    75197 |    126 |  0.0048826611 |         ideal
    96 |    75985 |    128 |  0.0019367820 |             f
    97 |    76773 |    133 |  0.0035570245 |             f
    98 |    77561 |    136 |  0.0026802258 |             f
    99 |    78349 |    143 |  0.0148759096 |         ideal
   100 |    79137 |    149 |  0.0041224691 |         nadir


[OTIMIZACAO][FIM]=2024-02-07 20:25:44.837087
